cuda memory allocated: 493230592
n_trainable_params: 121593732, n_nontrainable_params: 0
training arguments:
>>> model: dagcnbert
>>> best_model: None
>>> type: train
>>> dataset: laptop
>>> optimizer: <class 'torch.optim.adam.Adam'>
>>> initializer: <function xavier_uniform_ at 0x000001A52C07C798>
>>> lr: 0.002
>>> l2reg: 0.0001
>>> num_epoch: 50
>>> batch_size: 16
>>> log_step: 5
>>> embed_dim: 300
>>> post_dim: 30
>>> pos_dim: 30
>>> dep_dim: 100
>>> deppost_dim: 30
>>> hidden_dim: 50
>>> polarities_dim: 3
>>> syn_layers: 2
>>> input_dropout: 0.7
>>> biaffine_dropout: 0.5
>>> lower: True
>>> direct: False
>>> loop: True
>>> aggr_neighbor_method: lstm
>>> aggr_neighbor_dropout: 0.2
>>> aggr_hidden_method: concat
>>> agg_hidden_dropout: 0.1
>>> bidirect: True
>>> rnn_hidden: 50
>>> rnn_layers: 1
>>> rnn_dropout: 0.1
>>> sem_att_heads: 6
>>> sem_layers: 1
>>> sem_att_dropout: 0.1
>>> sem_top_k: 4
>>> sem_alpha: 0
>>> pretrained_bert_name: ./bert-base-uncased
>>> adam_epsilon: 1e-08
>>> bert_dim: 768
>>> bert_dropout: 0.3
>>> weight_decay: 5e-05
>>> diff_lr: False
>>> bert_lr: 2e-05
>>> max_length: 100
>>> patience: 25
>>> device: cuda
>>> seed: 1537
>>> vocab_dir: ./dataset/Laptops
>>> glove_dir: ./glove/glove.840B.300d.txt
>>> pad_id: 0
>>> cuda: 0
>>> output_merge: biaffine
>>> model_class: <class 'models.mcgat_bert.MCGATBert'>
>>> dataset_file: {'train': './dataset/Laptops/train.json', 'valid': './dataset/Laptops/valid.json', 'test': './dataset/Laptops/test.json'}
>>> inputs_cols: ['text_bert_indices', 'bert_segments_ids', 'attention_mask', 'asp_start', 'asp_end', 'src_mask', 'aspect_mask', 'text', 'head', 'length', 'deprel']
>>> dep_size: 43
bert learning rate on
>>>>>>>>>>>>>>>>>>>>>>>>>>>>>>>>>>>>>>>>>>>>>>>>>>>>>>>>>>>>
epoch: 1
loss: 1.1312, acc: 0.1875, valid_acc: 0.3940, valid_f1: 0.2956
>> Best model saved: results/mcgatbert/mcgatbert_laptop_acc_0.3940_f1_0.2956
loss: 1.1109, acc: 0.3125, valid_acc: 0.4209, valid_f1: 0.2914
>> Best model saved: results/mcgatbert/mcgatbert_laptop_acc_0.4209_f1_0.2914
loss: 1.1483, acc: 0.2917, valid_acc: 0.5016, valid_f1: 0.3217
>> Best model saved: results/mcgatbert/mcgatbert_laptop_acc_0.5016_f1_0.3217
loss: 1.0548, acc: 0.3438, valid_acc: 0.5079, valid_f1: 0.3363
>> Best model saved: results/mcgatbert/mcgatbert_laptop_acc_0.5079_f1_0.3363
loss: 1.0873, acc: 0.3750, valid_acc: 0.5237, valid_f1: 0.3396
>> Best model saved: results/mcgatbert/mcgatbert_laptop_acc_0.5237_f1_0.3396
loss: 1.0323, acc: 0.4167, valid_acc: 0.5396, valid_f1: 0.3533
>> Best model saved: results/mcgatbert/mcgatbert_laptop_acc_0.5396_f1_0.3533
loss: 0.8869, acc: 0.4554, valid_acc: 0.5491, valid_f1: 0.3470
>> Best model saved: results/mcgatbert/mcgatbert_laptop_acc_0.5491_f1_0.3470
loss: 0.9523, acc: 0.4609, valid_acc: 0.5617, valid_f1: 0.3551
>> Best model saved: results/mcgatbert/mcgatbert_laptop_acc_0.5617_f1_0.3551
loss: 0.9207, acc: 0.4583, valid_acc: 0.5759, valid_f1: 0.3827
>> Best model saved: results/mcgatbert/mcgatbert_laptop_acc_0.5759_f1_0.3827
loss: 0.9408, acc: 0.4813, valid_acc: 0.5728, valid_f1: 0.3932
loss: 0.9805, acc: 0.4886, valid_acc: 0.5886, valid_f1: 0.4136
>> Best model saved: results/mcgatbert/mcgatbert_laptop_acc_0.5886_f1_0.4136
loss: 1.0093, acc: 0.4792, valid_acc: 0.5965, valid_f1: 0.4245
>> Best model saved: results/mcgatbert/mcgatbert_laptop_acc_0.5965_f1_0.4245
loss: 0.9370, acc: 0.4808, valid_acc: 0.6108, valid_f1: 0.4401
>> Best model saved: results/mcgatbert/mcgatbert_laptop_acc_0.6108_f1_0.4401
loss: 1.0188, acc: 0.4866, valid_acc: 0.6203, valid_f1: 0.4455
>> Best model saved: results/mcgatbert/mcgatbert_laptop_acc_0.6203_f1_0.4455
loss: 0.8031, acc: 0.5042, valid_acc: 0.6250, valid_f1: 0.4474
>> Best model saved: results/mcgatbert/mcgatbert_laptop_acc_0.6250_f1_0.4474
loss: 0.8823, acc: 0.5156, valid_acc: 0.6313, valid_f1: 0.4534
>> Best model saved: results/mcgatbert/mcgatbert_laptop_acc_0.6313_f1_0.4534
loss: 0.7629, acc: 0.5257, valid_acc: 0.6424, valid_f1: 0.4616
>> Best model saved: results/mcgatbert/mcgatbert_laptop_acc_0.6424_f1_0.4616
loss: 0.6407, acc: 0.5312, valid_acc: 0.6456, valid_f1: 0.4719
>> Best model saved: results/mcgatbert/mcgatbert_laptop_acc_0.6456_f1_0.4719
loss: 0.7866, acc: 0.5395, valid_acc: 0.6313, valid_f1: 0.4699
loss: 0.7631, acc: 0.5469, valid_acc: 0.6677, valid_f1: 0.4878
>> Best model saved: results/mcgatbert/mcgatbert_laptop_acc_0.6677_f1_0.4878
loss: 0.6011, acc: 0.5625, valid_acc: 0.6582, valid_f1: 0.4863
loss: 1.1576, acc: 0.5625, valid_acc: 0.6788, valid_f1: 0.5290
>> Best model saved: results/mcgatbert/mcgatbert_laptop_acc_0.6788_f1_0.5290
loss: 0.7636, acc: 0.5652, valid_acc: 0.6772, valid_f1: 0.5542
loss: 0.4904, acc: 0.5781, valid_acc: 0.7104, valid_f1: 0.6249
>> Best model saved: results/mcgatbert/mcgatbert_laptop_acc_0.7104_f1_0.6249
loss: 0.6757, acc: 0.5900, valid_acc: 0.7073, valid_f1: 0.6117
loss: 0.9288, acc: 0.5889, valid_acc: 0.7089, valid_f1: 0.5824
loss: 0.7785, acc: 0.5903, valid_acc: 0.7025, valid_f1: 0.5776
loss: 0.7690, acc: 0.5982, valid_acc: 0.6614, valid_f1: 0.5443
>>>>>>>>>>>>>>>>>>>>>>>>>>>>>>>>>>>>>>>>>>>>>>>>>>>>>>>>>>>>
epoch: 2
loss: 0.3034, acc: 0.9375, valid_acc: 0.7025, valid_f1: 0.5861
loss: 0.7016, acc: 0.8125, valid_acc: 0.7294, valid_f1: 0.6317
>> Best model saved: results/mcgatbert/mcgatbert_laptop_acc_0.7294_f1_0.6317
loss: 0.5023, acc: 0.8125, valid_acc: 0.7389, valid_f1: 0.6619
>> Best model saved: results/mcgatbert/mcgatbert_laptop_acc_0.7389_f1_0.6619
loss: 0.5543, acc: 0.8281, valid_acc: 0.7437, valid_f1: 0.6886
>> Best model saved: results/mcgatbert/mcgatbert_laptop_acc_0.7437_f1_0.6886
loss: 0.5058, acc: 0.8250, valid_acc: 0.6978, valid_f1: 0.6340
loss: 0.3844, acc: 0.8333, valid_acc: 0.6741, valid_f1: 0.5913
loss: 0.9164, acc: 0.8125, valid_acc: 0.7215, valid_f1: 0.6380
loss: 0.5846, acc: 0.7969, valid_acc: 0.7326, valid_f1: 0.6574
loss: 0.6521, acc: 0.7847, valid_acc: 0.7405, valid_f1: 0.6681
loss: 0.6183, acc: 0.7875, valid_acc: 0.7373, valid_f1: 0.6645
loss: 0.4589, acc: 0.8011, valid_acc: 0.7358, valid_f1: 0.6541
loss: 0.6789, acc: 0.7969, valid_acc: 0.7263, valid_f1: 0.6176
loss: 0.5000, acc: 0.7981, valid_acc: 0.7294, valid_f1: 0.6302
loss: 0.5861, acc: 0.7946, valid_acc: 0.7389, valid_f1: 0.6622
loss: 0.4143, acc: 0.7958, valid_acc: 0.7595, valid_f1: 0.7047
>> Best model saved: results/mcgatbert/mcgatbert_laptop_acc_0.7595_f1_0.7047
loss: 0.4671, acc: 0.8008, valid_acc: 0.7532, valid_f1: 0.7010
loss: 0.3122, acc: 0.8051, valid_acc: 0.7500, valid_f1: 0.6908
loss: 0.4222, acc: 0.8056, valid_acc: 0.7453, valid_f1: 0.6641
loss: 0.8860, acc: 0.7961, valid_acc: 0.7373, valid_f1: 0.6585
loss: 0.4042, acc: 0.7969, valid_acc: 0.7389, valid_f1: 0.6753
loss: 0.6864, acc: 0.7917, valid_acc: 0.7104, valid_f1: 0.6525
loss: 0.3567, acc: 0.7955, valid_acc: 0.7595, valid_f1: 0.7191
loss: 0.4569, acc: 0.7989, valid_acc: 0.7563, valid_f1: 0.7122
loss: 0.4263, acc: 0.7995, valid_acc: 0.7484, valid_f1: 0.6873
loss: 0.8409, acc: 0.7975, valid_acc: 0.7358, valid_f1: 0.6642
loss: 0.7545, acc: 0.7909, valid_acc: 0.7326, valid_f1: 0.6509
loss: 0.4222, acc: 0.7917, valid_acc: 0.7310, valid_f1: 0.6640
loss: 0.4737, acc: 0.7924, valid_acc: 0.7484, valid_f1: 0.6960
loss: 0.7580, acc: 0.7909, valid_acc: 0.7437, valid_f1: 0.6824
>>>>>>>>>>>>>>>>>>>>>>>>>>>>>>>>>>>>>>>>>>>>>>>>>>>>>>>>>>>>
epoch: 3
loss: 0.3242, acc: 0.8750, valid_acc: 0.7421, valid_f1: 0.6791
loss: 0.5309, acc: 0.8750, valid_acc: 0.7516, valid_f1: 0.6939
loss: 0.6716, acc: 0.8125, valid_acc: 0.7547, valid_f1: 0.6997
loss: 0.3318, acc: 0.8281, valid_acc: 0.7326, valid_f1: 0.6791
loss: 0.2752, acc: 0.8375, valid_acc: 0.7468, valid_f1: 0.6871
loss: 0.4096, acc: 0.8333, valid_acc: 0.7294, valid_f1: 0.6575
loss: 0.5417, acc: 0.8125, valid_acc: 0.7516, valid_f1: 0.6920
loss: 0.4389, acc: 0.8125, valid_acc: 0.7642, valid_f1: 0.7168
>> Best model saved: results/mcgatbert/mcgatbert_laptop_acc_0.7642_f1_0.7168
loss: 0.4509, acc: 0.8125, valid_acc: 0.7516, valid_f1: 0.6948
loss: 0.1782, acc: 0.8250, valid_acc: 0.7532, valid_f1: 0.6915
loss: 0.2133, acc: 0.8239, valid_acc: 0.7500, valid_f1: 0.6852
loss: 0.4194, acc: 0.8229, valid_acc: 0.7579, valid_f1: 0.6958
loss: 0.2971, acc: 0.8317, valid_acc: 0.7421, valid_f1: 0.6696
loss: 0.2217, acc: 0.8393, valid_acc: 0.7532, valid_f1: 0.6994
loss: 0.3953, acc: 0.8375, valid_acc: 0.7595, valid_f1: 0.7158
loss: 0.3349, acc: 0.8398, valid_acc: 0.7642, valid_f1: 0.7245
loss: 0.3737, acc: 0.8419, valid_acc: 0.7437, valid_f1: 0.6896
loss: 0.6728, acc: 0.8368, valid_acc: 0.7437, valid_f1: 0.6834
loss: 0.2589, acc: 0.8388, valid_acc: 0.7516, valid_f1: 0.7001
loss: 0.2091, acc: 0.8438, valid_acc: 0.7516, valid_f1: 0.7069
loss: 0.1307, acc: 0.8482, valid_acc: 0.7532, valid_f1: 0.7022
loss: 0.0730, acc: 0.8551, valid_acc: 0.7421, valid_f1: 0.6711
loss: 0.3128, acc: 0.8560, valid_acc: 0.7389, valid_f1: 0.6595
loss: 0.3872, acc: 0.8568, valid_acc: 0.7611, valid_f1: 0.7031
loss: 0.2994, acc: 0.8600, valid_acc: 0.7690, valid_f1: 0.7226
>> Best model saved: results/mcgatbert/mcgatbert_laptop_acc_0.7690_f1_0.7226
loss: 0.2887, acc: 0.8630, valid_acc: 0.7595, valid_f1: 0.7129
loss: 0.2578, acc: 0.8634, valid_acc: 0.7563, valid_f1: 0.7045
loss: 0.1895, acc: 0.8661, valid_acc: 0.7342, valid_f1: 0.6502
>>>>>>>>>>>>>>>>>>>>>>>>>>>>>>>>>>>>>>>>>>>>>>>>>>>>>>>>>>>>
epoch: 4
loss: 0.2671, acc: 0.9375, valid_acc: 0.7231, valid_f1: 0.6136
loss: 0.1724, acc: 0.9688, valid_acc: 0.7326, valid_f1: 0.6418
loss: 0.6541, acc: 0.9167, valid_acc: 0.7627, valid_f1: 0.7046
loss: 0.1736, acc: 0.9375, valid_acc: 0.7595, valid_f1: 0.7066
loss: 0.1537, acc: 0.9500, valid_acc: 0.7611, valid_f1: 0.7124
loss: 0.1809, acc: 0.9583, valid_acc: 0.7642, valid_f1: 0.7156
loss: 0.1862, acc: 0.9464, valid_acc: 0.7674, valid_f1: 0.7148
loss: 0.3224, acc: 0.9219, valid_acc: 0.7611, valid_f1: 0.7044
loss: 0.3043, acc: 0.9097, valid_acc: 0.7611, valid_f1: 0.7014
loss: 0.3298, acc: 0.9125, valid_acc: 0.7547, valid_f1: 0.6943
loss: 0.2343, acc: 0.9148, valid_acc: 0.7579, valid_f1: 0.6975
loss: 0.1305, acc: 0.9219, valid_acc: 0.7690, valid_f1: 0.7176
loss: 0.0884, acc: 0.9279, valid_acc: 0.7737, valid_f1: 0.7284
>> Best model saved: results/mcgatbert/mcgatbert_laptop_acc_0.7737_f1_0.7284
loss: 0.1868, acc: 0.9286, valid_acc: 0.7658, valid_f1: 0.7150
loss: 0.2609, acc: 0.9250, valid_acc: 0.7468, valid_f1: 0.6898
loss: 0.0978, acc: 0.9258, valid_acc: 0.7389, valid_f1: 0.6734
loss: 0.1947, acc: 0.9228, valid_acc: 0.7421, valid_f1: 0.6808
loss: 0.2426, acc: 0.9271, valid_acc: 0.7674, valid_f1: 0.7165
loss: 0.2299, acc: 0.9276, valid_acc: 0.7595, valid_f1: 0.7061
loss: 0.1152, acc: 0.9313, valid_acc: 0.7437, valid_f1: 0.6807
loss: 0.0799, acc: 0.9345, valid_acc: 0.7706, valid_f1: 0.7159
loss: 0.1094, acc: 0.9347, valid_acc: 0.7405, valid_f1: 0.6982
loss: 0.0935, acc: 0.9375, valid_acc: 0.7231, valid_f1: 0.6798
loss: 0.2385, acc: 0.9375, valid_acc: 0.7231, valid_f1: 0.6734
loss: 0.7196, acc: 0.9325, valid_acc: 0.7373, valid_f1: 0.6892
loss: 0.2024, acc: 0.9327, valid_acc: 0.7421, valid_f1: 0.6927
loss: 0.1480, acc: 0.9329, valid_acc: 0.7405, valid_f1: 0.6818
loss: 0.8335, acc: 0.9241, valid_acc: 0.7263, valid_f1: 0.6408
loss: 0.2501, acc: 0.9246, valid_acc: 0.7563, valid_f1: 0.7014
>>>>>>>>>>>>>>>>>>>>>>>>>>>>>>>>>>>>>>>>>>>>>>>>>>>>>>>>>>>>
epoch: 5
loss: 0.1590, acc: 0.9375, valid_acc: 0.7547, valid_f1: 0.7093
loss: 0.1539, acc: 0.9688, valid_acc: 0.7595, valid_f1: 0.7069
loss: 0.1749, acc: 0.9583, valid_acc: 0.7516, valid_f1: 0.6935
loss: 0.1889, acc: 0.9688, valid_acc: 0.7547, valid_f1: 0.6914
loss: 0.1864, acc: 0.9625, valid_acc: 0.7310, valid_f1: 0.6488
loss: 0.4766, acc: 0.9375, valid_acc: 0.7595, valid_f1: 0.6995
loss: 0.0829, acc: 0.9464, valid_acc: 0.7690, valid_f1: 0.7310
loss: 0.1883, acc: 0.9453, valid_acc: 0.7642, valid_f1: 0.7257
loss: 0.3261, acc: 0.9375, valid_acc: 0.7484, valid_f1: 0.6988
loss: 0.0183, acc: 0.9437, valid_acc: 0.7547, valid_f1: 0.6935
loss: 0.1338, acc: 0.9375, valid_acc: 0.7611, valid_f1: 0.6953
loss: 0.1127, acc: 0.9427, valid_acc: 0.7785, valid_f1: 0.7266
>> Best model saved: results/mcgatbert/mcgatbert_laptop_acc_0.7785_f1_0.7266
loss: 0.1660, acc: 0.9423, valid_acc: 0.7753, valid_f1: 0.7282
loss: 0.0787, acc: 0.9464, valid_acc: 0.7722, valid_f1: 0.7254
loss: 0.1659, acc: 0.9417, valid_acc: 0.7484, valid_f1: 0.6790
loss: 0.3842, acc: 0.9414, valid_acc: 0.7389, valid_f1: 0.6620
loss: 0.0917, acc: 0.9412, valid_acc: 0.7453, valid_f1: 0.6741
loss: 0.0361, acc: 0.9444, valid_acc: 0.7579, valid_f1: 0.6955
loss: 0.1130, acc: 0.9441, valid_acc: 0.7563, valid_f1: 0.6959
loss: 0.1896, acc: 0.9469, valid_acc: 0.7484, valid_f1: 0.6874
loss: 0.0521, acc: 0.9494, valid_acc: 0.7516, valid_f1: 0.6874
loss: 0.0882, acc: 0.9517, valid_acc: 0.7547, valid_f1: 0.6942
loss: 0.1853, acc: 0.9484, valid_acc: 0.7547, valid_f1: 0.6903
loss: 0.1280, acc: 0.9505, valid_acc: 0.7722, valid_f1: 0.7247
loss: 0.2724, acc: 0.9450, valid_acc: 0.7753, valid_f1: 0.7332
loss: 0.0915, acc: 0.9471, valid_acc: 0.7722, valid_f1: 0.7208
loss: 0.3211, acc: 0.9444, valid_acc: 0.7421, valid_f1: 0.6697
loss: 0.4028, acc: 0.9375, valid_acc: 0.7389, valid_f1: 0.6648
loss: 0.2055, acc: 0.9367, valid_acc: 0.7627, valid_f1: 0.7128
>>>>>>>>>>>>>>>>>>>>>>>>>>>>>>>>>>>>>>>>>>>>>>>>>>>>>>>>>>>>
epoch: 6
loss: 0.1817, acc: 0.9375, valid_acc: 0.7642, valid_f1: 0.7193
loss: 0.0727, acc: 0.9688, valid_acc: 0.7690, valid_f1: 0.7261
loss: 0.0289, acc: 0.9792, valid_acc: 0.7500, valid_f1: 0.6935
loss: 0.0732, acc: 0.9844, valid_acc: 0.7310, valid_f1: 0.6551
loss: 0.0109, acc: 0.9875, valid_acc: 0.7358, valid_f1: 0.6632
loss: 0.2676, acc: 0.9688, valid_acc: 0.7579, valid_f1: 0.7027
loss: 0.2824, acc: 0.9464, valid_acc: 0.7611, valid_f1: 0.7102
loss: 0.0693, acc: 0.9531, valid_acc: 0.7579, valid_f1: 0.7061
loss: 0.2597, acc: 0.9444, valid_acc: 0.7547, valid_f1: 0.7011
loss: 0.0971, acc: 0.9500, valid_acc: 0.7500, valid_f1: 0.6956
loss: 0.0787, acc: 0.9545, valid_acc: 0.7611, valid_f1: 0.7074
loss: 0.0727, acc: 0.9583, valid_acc: 0.7706, valid_f1: 0.7207
loss: 0.1231, acc: 0.9567, valid_acc: 0.7579, valid_f1: 0.6999
loss: 0.0802, acc: 0.9554, valid_acc: 0.7642, valid_f1: 0.7125
loss: 0.3095, acc: 0.9542, valid_acc: 0.7658, valid_f1: 0.7150
loss: 0.1680, acc: 0.9531, valid_acc: 0.7532, valid_f1: 0.6903
loss: 0.0412, acc: 0.9559, valid_acc: 0.7484, valid_f1: 0.6776
loss: 0.0062, acc: 0.9583, valid_acc: 0.7453, valid_f1: 0.6756
loss: 0.0311, acc: 0.9605, valid_acc: 0.7595, valid_f1: 0.6979
loss: 0.2400, acc: 0.9563, valid_acc: 0.7437, valid_f1: 0.6763
loss: 0.1622, acc: 0.9583, valid_acc: 0.7421, valid_f1: 0.6726
loss: 0.0158, acc: 0.9602, valid_acc: 0.7563, valid_f1: 0.6969
loss: 0.2012, acc: 0.9565, valid_acc: 0.7595, valid_f1: 0.7045
loss: 0.0049, acc: 0.9583, valid_acc: 0.7500, valid_f1: 0.6910
loss: 0.0848, acc: 0.9600, valid_acc: 0.7421, valid_f1: 0.6730
loss: 0.1049, acc: 0.9615, valid_acc: 0.7706, valid_f1: 0.7240
loss: 0.3532, acc: 0.9583, valid_acc: 0.7737, valid_f1: 0.7304
loss: 0.2099, acc: 0.9576, valid_acc: 0.7373, valid_f1: 0.6639
>>>>>>>>>>>>>>>>>>>>>>>>>>>>>>>>>>>>>>>>>>>>>>>>>>>>>>>>>>>>
epoch: 7
loss: 0.0033, acc: 1.0000, valid_acc: 0.7247, valid_f1: 0.6316
loss: 0.2350, acc: 0.9688, valid_acc: 0.7215, valid_f1: 0.6187
loss: 0.0015, acc: 0.9792, valid_acc: 0.7342, valid_f1: 0.6530
loss: 0.0525, acc: 0.9844, valid_acc: 0.7484, valid_f1: 0.6872
loss: 0.0871, acc: 0.9750, valid_acc: 0.7627, valid_f1: 0.7156
loss: 0.0122, acc: 0.9792, valid_acc: 0.7658, valid_f1: 0.7232
loss: 0.0230, acc: 0.9821, valid_acc: 0.7674, valid_f1: 0.7253
loss: 0.1147, acc: 0.9766, valid_acc: 0.7690, valid_f1: 0.7265
loss: 0.0788, acc: 0.9792, valid_acc: 0.7706, valid_f1: 0.7278
loss: 0.2211, acc: 0.9688, valid_acc: 0.7627, valid_f1: 0.7116
loss: 0.3251, acc: 0.9602, valid_acc: 0.7500, valid_f1: 0.6861
loss: 0.1000, acc: 0.9635, valid_acc: 0.7437, valid_f1: 0.6700
loss: 0.1248, acc: 0.9615, valid_acc: 0.7373, valid_f1: 0.6573
loss: 0.1162, acc: 0.9598, valid_acc: 0.7389, valid_f1: 0.6590
loss: 0.3732, acc: 0.9542, valid_acc: 0.7437, valid_f1: 0.6743
loss: 0.0751, acc: 0.9531, valid_acc: 0.7421, valid_f1: 0.6731
loss: 0.0051, acc: 0.9559, valid_acc: 0.7532, valid_f1: 0.6946
loss: 0.0414, acc: 0.9583, valid_acc: 0.7579, valid_f1: 0.7004
loss: 0.0587, acc: 0.9605, valid_acc: 0.7674, valid_f1: 0.7167
loss: 0.1770, acc: 0.9594, valid_acc: 0.7642, valid_f1: 0.7155
loss: 0.0892, acc: 0.9583, valid_acc: 0.7658, valid_f1: 0.7177
loss: 0.0500, acc: 0.9602, valid_acc: 0.7642, valid_f1: 0.7142
loss: 0.0054, acc: 0.9620, valid_acc: 0.7658, valid_f1: 0.7174
loss: 0.1023, acc: 0.9609, valid_acc: 0.7516, valid_f1: 0.6927
loss: 0.5199, acc: 0.9600, valid_acc: 0.7500, valid_f1: 0.6870
loss: 0.0688, acc: 0.9615, valid_acc: 0.7611, valid_f1: 0.7095
loss: 0.2441, acc: 0.9583, valid_acc: 0.7642, valid_f1: 0.7197
loss: 0.0933, acc: 0.9598, valid_acc: 0.7658, valid_f1: 0.7176
loss: 0.0932, acc: 0.9591, valid_acc: 0.7547, valid_f1: 0.6969
>>>>>>>>>>>>>>>>>>>>>>>>>>>>>>>>>>>>>>>>>>>>>>>>>>>>>>>>>>>>
epoch: 8
loss: 0.2449, acc: 0.8125, valid_acc: 0.7484, valid_f1: 0.6877
loss: 0.0719, acc: 0.9062, valid_acc: 0.7532, valid_f1: 0.6955
loss: 0.0032, acc: 0.9375, valid_acc: 0.7658, valid_f1: 0.7157
loss: 0.0389, acc: 0.9531, valid_acc: 0.7642, valid_f1: 0.7168
loss: 0.0723, acc: 0.9625, valid_acc: 0.7642, valid_f1: 0.7138
loss: 0.1115, acc: 0.9583, valid_acc: 0.7611, valid_f1: 0.7064
loss: 0.0876, acc: 0.9643, valid_acc: 0.7579, valid_f1: 0.6996
loss: 0.0405, acc: 0.9688, valid_acc: 0.7611, valid_f1: 0.7035
loss: 0.0205, acc: 0.9722, valid_acc: 0.7642, valid_f1: 0.7085
loss: 0.0551, acc: 0.9750, valid_acc: 0.7674, valid_f1: 0.7147
loss: 0.0753, acc: 0.9773, valid_acc: 0.7674, valid_f1: 0.7119
loss: 0.0590, acc: 0.9792, valid_acc: 0.7706, valid_f1: 0.7237
loss: 0.0492, acc: 0.9808, valid_acc: 0.7642, valid_f1: 0.7209
loss: 0.0487, acc: 0.9821, valid_acc: 0.7674, valid_f1: 0.7305
loss: 0.0745, acc: 0.9833, valid_acc: 0.7722, valid_f1: 0.7322
loss: 0.0028, acc: 0.9844, valid_acc: 0.7547, valid_f1: 0.6925
loss: 0.0245, acc: 0.9853, valid_acc: 0.7358, valid_f1: 0.6577
loss: 0.1451, acc: 0.9826, valid_acc: 0.7579, valid_f1: 0.6969
loss: 0.0890, acc: 0.9836, valid_acc: 0.7753, valid_f1: 0.7365
loss: 0.0351, acc: 0.9844, valid_acc: 0.7737, valid_f1: 0.7327
loss: 0.0259, acc: 0.9851, valid_acc: 0.7658, valid_f1: 0.7157
loss: 0.1376, acc: 0.9830, valid_acc: 0.7658, valid_f1: 0.7064
loss: 0.0083, acc: 0.9837, valid_acc: 0.7563, valid_f1: 0.6912
loss: 0.0152, acc: 0.9844, valid_acc: 0.7658, valid_f1: 0.7077
loss: 0.0615, acc: 0.9850, valid_acc: 0.7658, valid_f1: 0.7129
loss: 0.1372, acc: 0.9832, valid_acc: 0.7674, valid_f1: 0.7172
loss: 0.2276, acc: 0.9815, valid_acc: 0.7674, valid_f1: 0.7166
loss: 0.0155, acc: 0.9821, valid_acc: 0.7690, valid_f1: 0.7157
>>>>>>>>>>>>>>>>>>>>>>>>>>>>>>>>>>>>>>>>>>>>>>>>>>>>>>>>>>>>
epoch: 9
loss: 0.0718, acc: 0.9375, valid_acc: 0.7690, valid_f1: 0.7137
loss: 0.0033, acc: 0.9688, valid_acc: 0.7579, valid_f1: 0.7093
loss: 0.0228, acc: 0.9792, valid_acc: 0.7453, valid_f1: 0.7129
loss: 0.1844, acc: 0.9531, valid_acc: 0.7579, valid_f1: 0.7307
loss: 0.0628, acc: 0.9625, valid_acc: 0.7706, valid_f1: 0.7341
loss: 0.3003, acc: 0.9479, valid_acc: 0.7880, valid_f1: 0.7378
>> Best model saved: results/mcgatbert/mcgatbert_laptop_acc_0.7880_f1_0.7378
loss: 0.0005, acc: 0.9554, valid_acc: 0.7611, valid_f1: 0.6981
loss: 0.0675, acc: 0.9609, valid_acc: 0.7706, valid_f1: 0.7086
loss: 0.0055, acc: 0.9653, valid_acc: 0.7785, valid_f1: 0.7305
loss: 0.0533, acc: 0.9688, valid_acc: 0.7642, valid_f1: 0.7251
loss: 0.0229, acc: 0.9716, valid_acc: 0.7627, valid_f1: 0.7217
loss: 0.0935, acc: 0.9688, valid_acc: 0.7627, valid_f1: 0.7183
loss: 0.0246, acc: 0.9712, valid_acc: 0.7627, valid_f1: 0.7183
loss: 0.0524, acc: 0.9732, valid_acc: 0.7706, valid_f1: 0.7257
loss: 0.1212, acc: 0.9750, valid_acc: 0.7532, valid_f1: 0.7088
loss: 0.0477, acc: 0.9766, valid_acc: 0.7421, valid_f1: 0.6987
loss: 0.0733, acc: 0.9743, valid_acc: 0.7500, valid_f1: 0.7096
loss: 0.0467, acc: 0.9757, valid_acc: 0.7674, valid_f1: 0.7142
loss: 0.0042, acc: 0.9770, valid_acc: 0.7516, valid_f1: 0.6826
loss: 0.0715, acc: 0.9750, valid_acc: 0.7484, valid_f1: 0.6761
loss: 0.2394, acc: 0.9732, valid_acc: 0.7532, valid_f1: 0.6886
loss: 0.0084, acc: 0.9744, valid_acc: 0.7769, valid_f1: 0.7354
loss: 0.1422, acc: 0.9701, valid_acc: 0.7801, valid_f1: 0.7416
loss: 0.0324, acc: 0.9714, valid_acc: 0.7737, valid_f1: 0.7291
loss: 0.3520, acc: 0.9675, valid_acc: 0.7642, valid_f1: 0.7093
loss: 0.0297, acc: 0.9688, valid_acc: 0.7595, valid_f1: 0.6936
loss: 0.0339, acc: 0.9699, valid_acc: 0.7547, valid_f1: 0.6884
loss: 0.0351, acc: 0.9710, valid_acc: 0.7563, valid_f1: 0.6955
loss: 0.0361, acc: 0.9720, valid_acc: 0.7563, valid_f1: 0.7074
>>>>>>>>>>>>>>>>>>>>>>>>>>>>>>>>>>>>>>>>>>>>>>>>>>>>>>>>>>>>
epoch: 10
loss: 0.0471, acc: 1.0000, valid_acc: 0.7737, valid_f1: 0.7346
loss: 0.0974, acc: 1.0000, valid_acc: 0.7832, valid_f1: 0.7495
loss: 0.0994, acc: 1.0000, valid_acc: 0.7832, valid_f1: 0.7479
loss: 0.0335, acc: 1.0000, valid_acc: 0.7785, valid_f1: 0.7395
loss: 0.0734, acc: 0.9875, valid_acc: 0.7785, valid_f1: 0.7361
loss: 0.0047, acc: 0.9896, valid_acc: 0.7737, valid_f1: 0.7312
loss: 0.0098, acc: 0.9911, valid_acc: 0.7627, valid_f1: 0.7131
loss: 0.0234, acc: 0.9922, valid_acc: 0.7579, valid_f1: 0.7086
loss: 0.0011, acc: 0.9931, valid_acc: 0.7500, valid_f1: 0.6977
loss: 0.0140, acc: 0.9938, valid_acc: 0.7516, valid_f1: 0.6982
loss: 0.0721, acc: 0.9943, valid_acc: 0.7563, valid_f1: 0.7055
loss: 0.0443, acc: 0.9948, valid_acc: 0.7532, valid_f1: 0.7015
loss: 0.0681, acc: 0.9952, valid_acc: 0.7532, valid_f1: 0.7030
loss: 0.0717, acc: 0.9911, valid_acc: 0.7484, valid_f1: 0.6939
loss: 0.0007, acc: 0.9917, valid_acc: 0.7468, valid_f1: 0.6878
loss: 0.0106, acc: 0.9922, valid_acc: 0.7453, valid_f1: 0.6872
loss: 0.0118, acc: 0.9926, valid_acc: 0.7516, valid_f1: 0.6979
loss: 0.0016, acc: 0.9931, valid_acc: 0.7563, valid_f1: 0.7059
loss: 0.0086, acc: 0.9934, valid_acc: 0.7579, valid_f1: 0.7103
loss: 0.1178, acc: 0.9906, valid_acc: 0.7627, valid_f1: 0.7179
loss: 0.0126, acc: 0.9911, valid_acc: 0.7706, valid_f1: 0.7314
loss: 0.0062, acc: 0.9915, valid_acc: 0.7832, valid_f1: 0.7509
loss: 0.1795, acc: 0.9891, valid_acc: 0.7595, valid_f1: 0.7145
loss: 0.0217, acc: 0.9896, valid_acc: 0.7453, valid_f1: 0.6838
loss: 0.0513, acc: 0.9900, valid_acc: 0.7358, valid_f1: 0.6630
loss: 0.0314, acc: 0.9904, valid_acc: 0.7358, valid_f1: 0.6667
loss: 0.0507, acc: 0.9907, valid_acc: 0.7421, valid_f1: 0.6813
loss: 0.0006, acc: 0.9911, valid_acc: 0.7547, valid_f1: 0.6980
loss: 0.0789, acc: 0.9913, valid_acc: 0.7611, valid_f1: 0.7072
>>>>>>>>>>>>>>>>>>>>>>>>>>>>>>>>>>>>>>>>>>>>>>>>>>>>>>>>>>>>
epoch: 11
loss: 0.0011, acc: 1.0000, valid_acc: 0.7706, valid_f1: 0.7245
loss: 0.0820, acc: 1.0000, valid_acc: 0.7706, valid_f1: 0.7273
loss: 0.0352, acc: 1.0000, valid_acc: 0.7737, valid_f1: 0.7304
loss: 0.0005, acc: 1.0000, valid_acc: 0.7706, valid_f1: 0.7259
loss: 0.0006, acc: 1.0000, valid_acc: 0.7737, valid_f1: 0.7321
loss: 0.5287, acc: 0.9896, valid_acc: 0.7737, valid_f1: 0.7314
loss: 0.0808, acc: 0.9911, valid_acc: 0.7674, valid_f1: 0.7262
loss: 0.0043, acc: 0.9922, valid_acc: 0.7563, valid_f1: 0.7096
loss: 0.1748, acc: 0.9861, valid_acc: 0.7516, valid_f1: 0.6997
loss: 0.0402, acc: 0.9875, valid_acc: 0.7579, valid_f1: 0.7108
loss: 0.0757, acc: 0.9886, valid_acc: 0.7563, valid_f1: 0.7088
loss: 0.0058, acc: 0.9896, valid_acc: 0.7627, valid_f1: 0.7186
loss: 0.0423, acc: 0.9904, valid_acc: 0.7595, valid_f1: 0.7153
loss: 0.0413, acc: 0.9911, valid_acc: 0.7611, valid_f1: 0.7169
loss: 0.0096, acc: 0.9917, valid_acc: 0.7532, valid_f1: 0.7046
loss: 0.0112, acc: 0.9922, valid_acc: 0.7595, valid_f1: 0.7087
loss: 0.0035, acc: 0.9926, valid_acc: 0.7595, valid_f1: 0.7113
loss: 0.0877, acc: 0.9896, valid_acc: 0.7595, valid_f1: 0.7127
loss: 0.0220, acc: 0.9901, valid_acc: 0.7563, valid_f1: 0.7073
loss: 0.0155, acc: 0.9906, valid_acc: 0.7484, valid_f1: 0.6935
loss: 0.0171, acc: 0.9911, valid_acc: 0.7468, valid_f1: 0.6915
loss: 0.0527, acc: 0.9915, valid_acc: 0.7547, valid_f1: 0.7090
loss: 0.0371, acc: 0.9918, valid_acc: 0.7642, valid_f1: 0.7285
loss: 0.0521, acc: 0.9896, valid_acc: 0.7627, valid_f1: 0.7192
loss: 0.0089, acc: 0.9900, valid_acc: 0.7579, valid_f1: 0.6991
loss: 0.0015, acc: 0.9904, valid_acc: 0.7484, valid_f1: 0.6850
loss: 0.0238, acc: 0.9907, valid_acc: 0.7389, valid_f1: 0.6663
loss: 0.0066, acc: 0.9911, valid_acc: 0.7453, valid_f1: 0.6766
>>>>>>>>>>>>>>>>>>>>>>>>>>>>>>>>>>>>>>>>>>>>>>>>>>>>>>>>>>>>
epoch: 12
loss: 0.2719, acc: 0.9375, valid_acc: 0.7627, valid_f1: 0.7075
loss: 0.0019, acc: 0.9688, valid_acc: 0.7310, valid_f1: 0.6818
loss: 0.1926, acc: 0.9583, valid_acc: 0.7168, valid_f1: 0.6739
loss: 0.0014, acc: 0.9688, valid_acc: 0.7500, valid_f1: 0.7082
loss: 0.0135, acc: 0.9750, valid_acc: 0.7674, valid_f1: 0.7249
loss: 0.0742, acc: 0.9792, valid_acc: 0.7674, valid_f1: 0.7209
loss: 0.1445, acc: 0.9732, valid_acc: 0.7579, valid_f1: 0.7010
loss: 0.0677, acc: 0.9766, valid_acc: 0.7690, valid_f1: 0.7205
loss: 0.0312, acc: 0.9792, valid_acc: 0.7801, valid_f1: 0.7379
loss: 0.0628, acc: 0.9625, valid_acc: 0.7706, valid_f1: 0.7341
loss: 0.3003, acc: 0.9479, valid_acc: 0.7927, valid_f1: 0.7620
>> Best model saved: results/mcgatbert/mcgatbert_laptop_acc_0.7927_f1_0.7620
loss: 0.0518, acc: 0.9812, valid_acc: 0.7722, valid_f1: 0.7247
loss: 0.1092, acc: 0.9773, valid_acc: 0.7579, valid_f1: 0.7023
loss: 0.1093, acc: 0.9777, valid_acc: 0.7500, valid_f1: 0.6987
loss: 0.0080, acc: 0.9792, valid_acc: 0.7468, valid_f1: 0.7029
loss: 0.0178, acc: 0.9805, valid_acc: 0.7547, valid_f1: 0.7128
loss: 0.0092, acc: 0.9816, valid_acc: 0.7611, valid_f1: 0.7155
loss: 0.0221, acc: 0.9826, valid_acc: 0.7516, valid_f1: 0.6923
loss: 0.0209, acc: 0.9836, valid_acc: 0.7421, valid_f1: 0.6659
loss: 0.0239, acc: 0.9844, valid_acc: 0.7611, valid_f1: 0.7001
loss: 0.0773, acc: 0.9821, valid_acc: 0.7690, valid_f1: 0.7203
loss: 0.1030, acc: 0.9801, valid_acc: 0.7627, valid_f1: 0.7102
loss: 0.0007, acc: 0.9810, valid_acc: 0.7595, valid_f1: 0.7074
loss: 0.0167, acc: 0.9818, valid_acc: 0.7674, valid_f1: 0.7238
loss: 0.0086, acc: 0.9825, valid_acc: 0.7816, valid_f1: 0.7458
loss: 0.0036, acc: 0.9832, valid_acc: 0.7658, valid_f1: 0.7212
loss: 0.0038, acc: 0.9838, valid_acc: 0.7310, valid_f1: 0.6563
loss: 0.0113, acc: 0.9844, valid_acc: 0.7627, valid_f1: 0.7024
loss: 0.0405, acc: 0.9849, valid_acc: 0.7753, valid_f1: 0.7257
>>>>>>>>>>>>>>>>>>>>>>>>>>>>>>>>>>>>>>>>>>>>>>>>>>>>>>>>>>>>
epoch: 13
loss: 0.0463, acc: 1.0000, valid_acc: 0.7484, valid_f1: 0.6863
loss: 0.0265, acc: 1.0000, valid_acc: 0.7373, valid_f1: 0.6649
loss: 0.0157, acc: 1.0000, valid_acc: 0.7342, valid_f1: 0.6583
loss: 0.0224, acc: 1.0000, valid_acc: 0.7389, valid_f1: 0.6674
loss: 0.0002, acc: 1.0000, valid_acc: 0.7579, valid_f1: 0.7086
loss: 0.0190, acc: 1.0000, valid_acc: 0.7611, valid_f1: 0.7278
loss: 0.1503, acc: 0.9911, valid_acc: 0.7484, valid_f1: 0.7127
loss: 0.0040, acc: 0.9922, valid_acc: 0.7484, valid_f1: 0.7022
loss: 0.0021, acc: 0.9931, valid_acc: 0.7611, valid_f1: 0.7105
loss: 0.0415, acc: 0.9938, valid_acc: 0.7500, valid_f1: 0.6879
loss: 0.0036, acc: 0.9943, valid_acc: 0.7278, valid_f1: 0.6464
loss: 0.0353, acc: 0.9948, valid_acc: 0.7342, valid_f1: 0.6496
loss: 0.0302, acc: 0.9952, valid_acc: 0.7563, valid_f1: 0.6939
loss: 0.0092, acc: 0.9955, valid_acc: 0.7769, valid_f1: 0.7348
loss: 0.0174, acc: 0.9958, valid_acc: 0.7832, valid_f1: 0.7511
loss: 0.0154, acc: 0.9961, valid_acc: 0.7832, valid_f1: 0.7450
loss: 0.0103, acc: 0.9963, valid_acc: 0.7421, valid_f1: 0.6712
loss: 0.4742, acc: 0.9861, valid_acc: 0.7278, valid_f1: 0.6385
loss: 0.0060, acc: 0.9868, valid_acc: 0.7563, valid_f1: 0.6970
loss: 0.1303, acc: 0.9875, valid_acc: 0.7627, valid_f1: 0.7083
loss: 0.0449, acc: 0.9881, valid_acc: 0.7532, valid_f1: 0.7027
loss: 0.2046, acc: 0.9858, valid_acc: 0.7579, valid_f1: 0.7088
loss: 0.0385, acc: 0.9864, valid_acc: 0.7690, valid_f1: 0.7245
loss: 0.2051, acc: 0.9844, valid_acc: 0.7864, valid_f1: 0.7509
loss: 0.0806, acc: 0.9825, valid_acc: 0.7753, valid_f1: 0.7341
loss: 0.0076, acc: 0.9832, valid_acc: 0.7642, valid_f1: 0.7111
loss: 0.0144, acc: 0.9838, valid_acc: 0.7595, valid_f1: 0.7040
loss: 0.0662, acc: 0.9844, valid_acc: 0.7627, valid_f1: 0.7066
>>>>>>>>>>>>>>>>>>>>>>>>>>>>>>>>>>>>>>>>>>>>>>>>>>>>>>>>>>>>
epoch: 14
loss: 0.0031, acc: 1.0000, valid_acc: 0.7658, valid_f1: 0.7130
loss: 0.1111, acc: 0.9375, valid_acc: 0.7595, valid_f1: 0.7083
loss: 0.0069, acc: 0.9583, valid_acc: 0.7563, valid_f1: 0.7054
loss: 0.0360, acc: 0.9688, valid_acc: 0.7595, valid_f1: 0.7118
loss: 0.2760, acc: 0.9625, valid_acc: 0.7579, valid_f1: 0.7087
loss: 0.0017, acc: 0.9688, valid_acc: 0.7500, valid_f1: 0.6957
loss: 0.0493, acc: 0.9732, valid_acc: 0.7595, valid_f1: 0.7112
loss: 0.0242, acc: 0.9766, valid_acc: 0.7611, valid_f1: 0.7156
loss: 0.0150, acc: 0.9792, valid_acc: 0.7642, valid_f1: 0.7223
loss: 0.0066, acc: 0.9812, valid_acc: 0.7690, valid_f1: 0.7284
loss: 0.0357, acc: 0.9830, valid_acc: 0.7690, valid_f1: 0.7292
loss: 0.0433, acc: 0.9844, valid_acc: 0.7674, valid_f1: 0.7261
loss: 0.0436, acc: 0.9856, valid_acc: 0.7642, valid_f1: 0.7219
loss: 0.0004, acc: 0.9866, valid_acc: 0.7690, valid_f1: 0.7257
loss: 0.0144, acc: 0.9875, valid_acc: 0.7579, valid_f1: 0.7098
loss: 0.0287, acc: 0.9883, valid_acc: 0.7595, valid_f1: 0.7091
loss: 0.0657, acc: 0.9890, valid_acc: 0.7563, valid_f1: 0.7061
loss: 0.0014, acc: 0.9896, valid_acc: 0.7595, valid_f1: 0.7130
loss: 0.0121, acc: 0.9901, valid_acc: 0.7627, valid_f1: 0.7185
loss: 0.0199, acc: 0.9906, valid_acc: 0.7642, valid_f1: 0.7205
loss: 0.0137, acc: 0.9911, valid_acc: 0.7579, valid_f1: 0.7110
loss: 0.0080, acc: 0.9915, valid_acc: 0.7769, valid_f1: 0.7409
loss: 0.0287, acc: 0.9918, valid_acc: 0.7753, valid_f1: 0.7438
loss: 0.0008, acc: 0.9922, valid_acc: 0.7737, valid_f1: 0.7431
loss: 0.0572, acc: 0.9925, valid_acc: 0.7785, valid_f1: 0.7432
loss: 0.0005, acc: 0.9928, valid_acc: 0.7753, valid_f1: 0.7359
loss: 0.1510, acc: 0.9907, valid_acc: 0.7737, valid_f1: 0.7286
loss: 0.0539, acc: 0.9888, valid_acc: 0.7722, valid_f1: 0.7235
loss: 0.0243, acc: 0.9892, valid_acc: 0.7753, valid_f1: 0.7298
>>>>>>>>>>>>>>>>>>>>>>>>>>>>>>>>>>>>>>>>>>>>>>>>>>>>>>>>>>>>
epoch: 15
loss: 0.0063, acc: 1.0000, valid_acc: 0.7769, valid_f1: 0.7335
loss: 0.0003, acc: 1.0000, valid_acc: 0.7753, valid_f1: 0.7342
loss: 0.0004, acc: 1.0000, valid_acc: 0.7769, valid_f1: 0.7366
loss: 0.0089, acc: 1.0000, valid_acc: 0.7785, valid_f1: 0.7397
loss: 0.0130, acc: 1.0000, valid_acc: 0.7769, valid_f1: 0.7366
loss: 0.0151, acc: 1.0000, valid_acc: 0.7753, valid_f1: 0.7342
loss: 0.0044, acc: 1.0000, valid_acc: 0.7753, valid_f1: 0.7342
loss: 0.0035, acc: 1.0000, valid_acc: 0.7769, valid_f1: 0.7346
loss: 0.0269, acc: 1.0000, valid_acc: 0.7785, valid_f1: 0.7359
loss: 0.0074, acc: 1.0000, valid_acc: 0.7769, valid_f1: 0.7316
loss: 0.0002, acc: 1.0000, valid_acc: 0.7722, valid_f1: 0.7253
loss: 0.0140, acc: 1.0000, valid_acc: 0.7690, valid_f1: 0.7203
loss: 0.0192, acc: 1.0000, valid_acc: 0.7674, valid_f1: 0.7184
loss: 0.0180, acc: 1.0000, valid_acc: 0.7658, valid_f1: 0.7162
loss: 0.0024, acc: 1.0000, valid_acc: 0.7658, valid_f1: 0.7167
loss: 0.0044, acc: 1.0000, valid_acc: 0.7737, valid_f1: 0.7289
loss: 0.0431, acc: 1.0000, valid_acc: 0.7769, valid_f1: 0.7334
loss: 0.0152, acc: 1.0000, valid_acc: 0.7753, valid_f1: 0.7313
loss: 0.0153, acc: 1.0000, valid_acc: 0.7785, valid_f1: 0.7382
loss: 0.0617, acc: 1.0000, valid_acc: 0.7801, valid_f1: 0.7410
loss: 0.0016, acc: 1.0000, valid_acc: 0.7801, valid_f1: 0.7412
loss: 0.3003, acc: 0.9479, valid_acc: 0.7982, valid_f1: 0.7611
>> Best model saved: results/mcgatbert/mcgatbert_laptop_acc_0.7982_f1_0.7611
loss: 0.3377, acc: 0.9973, valid_acc: 0.7816, valid_f1: 0.7432
loss: 0.0359, acc: 0.9974, valid_acc: 0.7785, valid_f1: 0.7379
loss: 0.0062, acc: 0.9975, valid_acc: 0.7801, valid_f1: 0.7396
loss: 0.0067, acc: 0.9976, valid_acc: 0.7816, valid_f1: 0.7407
loss: 0.0132, acc: 0.9977, valid_acc: 0.7785, valid_f1: 0.7352
loss: 0.0090, acc: 0.9978, valid_acc: 0.7769, valid_f1: 0.7323
loss: 0.1706, acc: 0.9956, valid_acc: 0.7801, valid_f1: 0.7351
>>>>>>>>>>>>>>>>>>>>>>>>>>>>>>>>>>>>>>>>>>>>>>>>>>>>>>>>>>>>
epoch: 16
loss: 0.0209, acc: 1.0000, valid_acc: 0.7832, valid_f1: 0.7398
loss: 0.0015, acc: 1.0000, valid_acc: 0.7816, valid_f1: 0.7385
loss: 0.0051, acc: 1.0000, valid_acc: 0.7816, valid_f1: 0.7396
loss: 0.0150, acc: 1.0000, valid_acc: 0.7785, valid_f1: 0.7370
loss: 0.0088, acc: 1.0000, valid_acc: 0.7801, valid_f1: 0.7384
loss: 0.0002, acc: 1.0000, valid_acc: 0.7785, valid_f1: 0.7356
loss: 0.0021, acc: 1.0000, valid_acc: 0.7801, valid_f1: 0.7376
loss: 0.0075, acc: 1.0000, valid_acc: 0.7801, valid_f1: 0.7376
loss: 0.0004, acc: 1.0000, valid_acc: 0.7801, valid_f1: 0.7376
loss: 0.0195, acc: 1.0000, valid_acc: 0.7801, valid_f1: 0.7376
loss: 0.0193, acc: 1.0000, valid_acc: 0.7801, valid_f1: 0.7376
loss: 0.0083, acc: 1.0000, valid_acc: 0.7832, valid_f1: 0.7421
loss: 0.3003, acc: 0.9479, valid_acc: 0.7994, valid_f1: 0.7645
>> Best model saved: results/mcgatbert/mcgatbert_laptop_acc_0.7994_f1_0.7645
loss: 0.0088, acc: 0.9823, valid_acc: 0.8068, valid_f1: 0.7686
>> Best model saved: results/mcgatbert/mcgatbert_laptop_acc_0.8068_f1_0.7686
loss: 0.0109, acc: 1.0000, valid_acc: 0.7816, valid_f1: 0.7411
loss: 0.0957, acc: 0.9961, valid_acc: 0.7753, valid_f1: 0.7337
loss: 0.0048, acc: 0.9963, valid_acc: 0.7737, valid_f1: 0.7291
loss: 0.0014, acc: 0.9965, valid_acc: 0.7706, valid_f1: 0.7252
loss: 0.0046, acc: 0.9967, valid_acc: 0.7706, valid_f1: 0.7246
loss: 0.0077, acc: 0.9969, valid_acc: 0.7706, valid_f1: 0.7252
loss: 0.0062, acc: 0.9970, valid_acc: 0.7753, valid_f1: 0.7311
loss: 0.0045, acc: 0.9972, valid_acc: 0.7816, valid_f1: 0.7411
loss: 0.0026, acc: 0.9973, valid_acc: 0.7832, valid_f1: 0.7449
loss: 0.0055, acc: 0.9974, valid_acc: 0.7848, valid_f1: 0.7464
loss: 0.0082, acc: 0.9975, valid_acc: 0.7848, valid_f1: 0.7464
loss: 0.0110, acc: 0.9976, valid_acc: 0.7848, valid_f1: 0.7464
loss: 0.0006, acc: 0.9977, valid_acc: 0.7832, valid_f1: 0.7445
loss: 0.0373, acc: 0.9978, valid_acc: 0.7785, valid_f1: 0.7365
>>>>>>>>>>>>>>>>>>>>>>>>>>>>>>>>>>>>>>>>>>>>>>>>>>>>>>>>>>>>
epoch: 17
loss: 0.0032, acc: 1.0000, valid_acc: 0.7658, valid_f1: 0.7230
loss: 0.0103, acc: 1.0000, valid_acc: 0.7579, valid_f1: 0.7099
loss: 0.0092, acc: 1.0000, valid_acc: 0.7595, valid_f1: 0.7111
loss: 0.0122, acc: 1.0000, valid_acc: 0.7595, valid_f1: 0.7105
loss: 0.0008, acc: 1.0000, valid_acc: 0.7595, valid_f1: 0.7113
loss: 0.0035, acc: 1.0000, valid_acc: 0.7753, valid_f1: 0.7381
loss: 0.0668, acc: 0.9911, valid_acc: 0.7801, valid_f1: 0.7413
loss: 0.0008, acc: 0.9922, valid_acc: 0.7753, valid_f1: 0.7355
loss: 0.0023, acc: 0.9931, valid_acc: 0.7437, valid_f1: 0.6822
loss: 0.0068, acc: 0.9938, valid_acc: 0.7706, valid_f1: 0.7269
loss: 0.1928, acc: 0.9886, valid_acc: 0.7848, valid_f1: 0.7489
loss: 0.0380, acc: 0.9896, valid_acc: 0.7642, valid_f1: 0.7186
loss: 0.0117, acc: 0.9904, valid_acc: 0.7342, valid_f1: 0.6581
loss: 0.2170, acc: 0.9866, valid_acc: 0.7231, valid_f1: 0.6347
loss: 0.0935, acc: 0.9833, valid_acc: 0.7342, valid_f1: 0.6658
loss: 0.0812, acc: 0.9805, valid_acc: 0.7453, valid_f1: 0.6878
loss: 0.0294, acc: 0.9816, valid_acc: 0.7532, valid_f1: 0.7074
loss: 0.0136, acc: 0.9826, valid_acc: 0.7500, valid_f1: 0.7082
loss: 0.0354, acc: 0.9836, valid_acc: 0.7611, valid_f1: 0.7138
loss: 0.0633, acc: 0.9812, valid_acc: 0.7500, valid_f1: 0.6952
loss: 0.0243, acc: 0.9821, valid_acc: 0.7358, valid_f1: 0.6688
loss: 0.0051, acc: 0.9830, valid_acc: 0.7437, valid_f1: 0.6768
loss: 0.2555, acc: 0.9810, valid_acc: 0.7405, valid_f1: 0.6744
loss: 0.0527, acc: 0.9792, valid_acc: 0.7405, valid_f1: 0.6863
loss: 0.0239, acc: 0.9800, valid_acc: 0.7532, valid_f1: 0.7153
loss: 0.0206, acc: 0.9808, valid_acc: 0.7532, valid_f1: 0.7069
loss: 0.0033, acc: 0.9815, valid_acc: 0.7421, valid_f1: 0.6839
loss: 0.0287, acc: 0.9821, valid_acc: 0.7389, valid_f1: 0.6710
loss: 0.0236, acc: 0.9828, valid_acc: 0.7342, valid_f1: 0.6607
>>>>>>>>>>>>>>>>>>>>>>>>>>>>>>>>>>>>>>>>>>>>>>>>>>>>>>>>>>>>
epoch: 18
loss: 0.0150, acc: 1.0000, valid_acc: 0.7184, valid_f1: 0.6295
loss: 0.0159, acc: 1.0000, valid_acc: 0.7152, valid_f1: 0.6182
loss: 0.0069, acc: 1.0000, valid_acc: 0.7184, valid_f1: 0.6308
loss: 0.0140, acc: 1.0000, valid_acc: 0.7563, valid_f1: 0.6982
loss: 0.0016, acc: 1.0000, valid_acc: 0.7532, valid_f1: 0.7026
loss: 0.0099, acc: 1.0000, valid_acc: 0.7595, valid_f1: 0.7264
loss: 0.0270, acc: 1.0000, valid_acc: 0.7516, valid_f1: 0.7222
loss: 0.0909, acc: 0.9922, valid_acc: 0.7532, valid_f1: 0.7157
loss: 0.0161, acc: 0.9931, valid_acc: 0.7468, valid_f1: 0.6932
loss: 0.2311, acc: 0.9875, valid_acc: 0.7468, valid_f1: 0.6873
loss: 0.1373, acc: 0.9830, valid_acc: 0.7500, valid_f1: 0.6895
loss: 0.1228, acc: 0.9792, valid_acc: 0.7579, valid_f1: 0.7049
loss: 0.0464, acc: 0.9808, valid_acc: 0.7563, valid_f1: 0.7062
loss: 0.0210, acc: 0.9821, valid_acc: 0.7563, valid_f1: 0.7120
loss: 0.0078, acc: 0.9833, valid_acc: 0.7563, valid_f1: 0.7151
loss: 0.0173, acc: 0.9844, valid_acc: 0.7547, valid_f1: 0.7135
loss: 0.0031, acc: 0.9853, valid_acc: 0.7595, valid_f1: 0.7138
loss: 0.0043, acc: 0.9861, valid_acc: 0.7595, valid_f1: 0.7057
loss: 0.0416, acc: 0.9868, valid_acc: 0.7547, valid_f1: 0.7039
loss: 0.1083, acc: 0.9844, valid_acc: 0.7516, valid_f1: 0.7015
loss: 0.0025, acc: 0.9851, valid_acc: 0.7547, valid_f1: 0.7018
loss: 0.0072, acc: 0.9858, valid_acc: 0.7595, valid_f1: 0.7042
loss: 0.0055, acc: 0.9864, valid_acc: 0.7500, valid_f1: 0.6920
loss: 0.0050, acc: 0.9870, valid_acc: 0.7468, valid_f1: 0.6854
loss: 0.0127, acc: 0.9875, valid_acc: 0.7484, valid_f1: 0.6904
loss: 0.0139, acc: 0.9880, valid_acc: 0.7500, valid_f1: 0.6934
loss: 0.0000, acc: 0.9884, valid_acc: 0.7500, valid_f1: 0.6935
loss: 0.0773, acc: 0.9866, valid_acc: 0.7500, valid_f1: 0.6947
>>>>>>>>>>>>>>>>>>>>>>>>>>>>>>>>>>>>>>>>>>>>>>>>>>>>>>>>>>>>
epoch: 19
loss: 0.0072, acc: 1.0000, valid_acc: 0.7516, valid_f1: 0.6991
loss: 0.0085, acc: 1.0000, valid_acc: 0.7579, valid_f1: 0.7104
loss: 0.0121, acc: 1.0000, valid_acc: 0.7547, valid_f1: 0.7076
loss: 0.0075, acc: 1.0000, valid_acc: 0.7579, valid_f1: 0.7127
loss: 0.0909, acc: 0.9875, valid_acc: 0.7579, valid_f1: 0.7107
loss: 0.0589, acc: 0.9792, valid_acc: 0.7690, valid_f1: 0.7197
loss: 0.0004, acc: 0.9831, valid_acc: 0.7701, valid_f1: 0.7256
loss: 0.0195, acc: 1.0000, valid_acc: 0.7803, valid_f1: 0.7376
loss: 0.0083, acc: 1.0000, valid_acc: 0.7832, valid_f1: 0.7421
loss: 0.3003, acc: 0.9479, valid_acc: 0.7961, valid_f1: 0.7668
loss: 0.0088, acc: 0.9823, valid_acc: 0.8094, valid_f1: 0.7785
>> Best model saved: results/mcgatbert/mcgatbert_laptop_acc_0.8094_f1_0.7785
loss: 0.0193, acc: 1.0000, valid_acc: 0.7801, valid_f1: 0.7376
loss: 0.0032, acc: 0.9808, valid_acc: 0.7516, valid_f1: 0.7130
loss: 0.0256, acc: 0.9821, valid_acc: 0.7547, valid_f1: 0.7150
loss: 0.0296, acc: 0.9833, valid_acc: 0.7579, valid_f1: 0.7152
loss: 0.0173, acc: 0.9844, valid_acc: 0.7532, valid_f1: 0.7048
loss: 0.0191, acc: 0.9853, valid_acc: 0.7500, valid_f1: 0.7004
loss: 0.0038, acc: 0.9861, valid_acc: 0.7484, valid_f1: 0.6949
loss: 0.0015, acc: 0.9868, valid_acc: 0.7484, valid_f1: 0.6967
loss: 0.0029, acc: 0.9875, valid_acc: 0.7532, valid_f1: 0.7047
loss: 0.0099, acc: 0.9881, valid_acc: 0.7547, valid_f1: 0.7071
loss: 0.0180, acc: 0.9886, valid_acc: 0.7547, valid_f1: 0.7080
loss: 0.0030, acc: 0.9891, valid_acc: 0.7500, valid_f1: 0.7036
loss: 0.0244, acc: 0.9896, valid_acc: 0.7437, valid_f1: 0.6941
loss: 0.0021, acc: 0.9900, valid_acc: 0.7453, valid_f1: 0.6966
loss: 0.0020, acc: 0.9904, valid_acc: 0.7437, valid_f1: 0.6939
loss: 0.0017, acc: 0.9907, valid_acc: 0.7516, valid_f1: 0.7043
loss: 0.0714, acc: 0.9911, valid_acc: 0.7642, valid_f1: 0.7182
loss: 0.0049, acc: 0.9914, valid_acc: 0.7579, valid_f1: 0.7133
>>>>>>>>>>>>>>>>>>>>>>>>>>>>>>>>>>>>>>>>>>>>>>>>>>>>>>>>>>>>
epoch: 20
loss: 0.0139, acc: 1.0000, valid_acc: 0.7563, valid_f1: 0.7107
loss: 0.0003, acc: 1.0000, valid_acc: 0.7642, valid_f1: 0.7189
loss: 0.0118, acc: 1.0000, valid_acc: 0.7627, valid_f1: 0.7170
loss: 0.0002, acc: 1.0000, valid_acc: 0.7627, valid_f1: 0.7162
loss: 0.0141, acc: 1.0000, valid_acc: 0.7611, valid_f1: 0.7153
loss: 0.0004, acc: 1.0000, valid_acc: 0.7658, valid_f1: 0.7197
loss: 0.0055, acc: 1.0000, valid_acc: 0.7627, valid_f1: 0.7182
loss: 0.0005, acc: 1.0000, valid_acc: 0.7658, valid_f1: 0.7224
loss: 0.0045, acc: 1.0000, valid_acc: 0.7627, valid_f1: 0.7185
loss: 0.0093, acc: 1.0000, valid_acc: 0.7547, valid_f1: 0.7085
loss: 0.1290, acc: 0.9943, valid_acc: 0.7563, valid_f1: 0.7067
loss: 0.0002, acc: 0.9948, valid_acc: 0.7611, valid_f1: 0.7035
loss: 0.0068, acc: 0.9952, valid_acc: 0.7579, valid_f1: 0.6995
loss: 0.0034, acc: 0.9955, valid_acc: 0.7690, valid_f1: 0.7224
loss: 0.0042, acc: 0.9958, valid_acc: 0.7737, valid_f1: 0.7386
loss: 0.0075, acc: 0.9961, valid_acc: 0.7753, valid_f1: 0.7438
loss: 0.0095, acc: 0.9963, valid_acc: 0.7832, valid_f1: 0.7541
loss: 0.0013, acc: 0.9965, valid_acc: 0.7690, valid_f1: 0.7359
loss: 0.0013, acc: 0.9967, valid_acc: 0.7737, valid_f1: 0.7359
loss: 0.0013, acc: 0.9969, valid_acc: 0.7658, valid_f1: 0.7201
loss: 0.0027, acc: 0.9970, valid_acc: 0.7737, valid_f1: 0.7327
loss: 0.0042, acc: 0.9972, valid_acc: 0.7722, valid_f1: 0.7361
loss: 0.0495, acc: 0.9973, valid_acc: 0.7785, valid_f1: 0.7440
loss: 0.0877, acc: 0.9948, valid_acc: 0.7737, valid_f1: 0.7398
loss: 0.0164, acc: 0.9950, valid_acc: 0.7769, valid_f1: 0.7428
loss: 0.0064, acc: 0.9952, valid_acc: 0.7658, valid_f1: 0.7290
loss: 0.4854, acc: 0.9931, valid_acc: 0.7595, valid_f1: 0.7194
loss: 0.0470, acc: 0.9933, valid_acc: 0.7627, valid_f1: 0.7242
loss: 0.0052, acc: 0.9934, valid_acc: 0.7579, valid_f1: 0.7161
>>>>>>>>>>>>>>>>>>>>>>>>>>>>>>>>>>>>>>>>>>>>>>>>>>>>>>>>>>>>
epoch: 21
loss: 0.0063, acc: 1.0000, valid_acc: 0.7563, valid_f1: 0.7150
loss: 0.2375, acc: 0.9688, valid_acc: 0.7611, valid_f1: 0.7249
loss: 0.3073, acc: 0.9375, valid_acc: 0.7801, valid_f1: 0.7499
loss: 0.0010, acc: 0.9531, valid_acc: 0.8149, valid_f1: 0.7845
>> Best model saved: results/mcgatbert/mcgatbert_laptop_acc_0.8149_f1_0.7845
loss: 0.0009, acc: 0.9625, valid_acc: 0.7801, valid_f1: 0.7440
loss: 0.0071, acc: 0.9688, valid_acc: 0.7848, valid_f1: 0.7437
loss: 0.2781, acc: 0.9643, valid_acc: 0.7801, valid_f1: 0.7356
loss: 0.0019, acc: 0.9688, valid_acc: 0.7547, valid_f1: 0.6983
loss: 0.0049, acc: 0.9722, valid_acc: 0.7563, valid_f1: 0.6960
loss: 0.0389, acc: 0.9750, valid_acc: 0.7516, valid_f1: 0.6840
loss: 0.0107, acc: 0.9773, valid_acc: 0.7468, valid_f1: 0.6838
loss: 0.0138, acc: 0.9792, valid_acc: 0.7547, valid_f1: 0.7011
loss: 0.0351, acc: 0.9808, valid_acc: 0.7563, valid_f1: 0.7102
loss: 0.0309, acc: 0.9821, valid_acc: 0.7737, valid_f1: 0.7358
loss: 0.0096, acc: 0.9833, valid_acc: 0.7801, valid_f1: 0.7452
loss: 0.0234, acc: 0.9844, valid_acc: 0.7816, valid_f1: 0.7469
loss: 0.0566, acc: 0.9853, valid_acc: 0.7801, valid_f1: 0.7476
loss: 0.0060, acc: 0.9861, valid_acc: 0.7722, valid_f1: 0.7332
loss: 0.0023, acc: 0.9868, valid_acc: 0.7642, valid_f1: 0.7099
loss: 0.0002, acc: 0.9875, valid_acc: 0.7500, valid_f1: 0.6874
loss: 0.0009, acc: 0.9881, valid_acc: 0.7516, valid_f1: 0.6897
loss: 0.0010, acc: 0.9886, valid_acc: 0.7294, valid_f1: 0.6804
loss: 0.0159, acc: 0.9891, valid_acc: 0.7294, valid_f1: 0.6874
loss: 0.0164, acc: 0.9896, valid_acc: 0.7373, valid_f1: 0.6923
loss: 0.0356, acc: 0.9900, valid_acc: 0.7294, valid_f1: 0.6748
loss: 0.0530, acc: 0.9904, valid_acc: 0.7358, valid_f1: 0.6781
loss: 0.0020, acc: 0.9907, valid_acc: 0.7421, valid_f1: 0.6919
loss: 0.0217, acc: 0.9911, valid_acc: 0.7468, valid_f1: 0.7042
>>>>>>>>>>>>>>>>>>>>>>>>>>>>>>>>>>>>>>>>>>>>>>>>>>>>>>>>>>>>
epoch: 22
loss: 0.0015, acc: 1.0000, valid_acc: 0.7484, valid_f1: 0.7078
loss: 0.0038, acc: 1.0000, valid_acc: 0.7563, valid_f1: 0.7146
loss: 0.0074, acc: 1.0000, valid_acc: 0.7579, valid_f1: 0.7141
loss: 0.0011, acc: 1.0000, valid_acc: 0.7579, valid_f1: 0.7129
loss: 0.0045, acc: 1.0000, valid_acc: 0.7627, valid_f1: 0.7157
loss: 0.0137, acc: 1.0000, valid_acc: 0.7674, valid_f1: 0.7199
loss: 0.0033, acc: 1.0000, valid_acc: 0.7674, valid_f1: 0.7224
loss: 0.0049, acc: 1.0000, valid_acc: 0.7674, valid_f1: 0.7276
loss: 0.0002, acc: 1.0000, valid_acc: 0.7674, valid_f1: 0.7275
loss: 0.0001, acc: 1.0000, valid_acc: 0.7627, valid_f1: 0.7237
loss: 0.0028, acc: 1.0000, valid_acc: 0.7627, valid_f1: 0.7237
loss: 0.0002, acc: 1.0000, valid_acc: 0.7627, valid_f1: 0.7237
loss: 0.0011, acc: 1.0000, valid_acc: 0.7690, valid_f1: 0.7294
loss: 0.0009, acc: 1.0000, valid_acc: 0.7753, valid_f1: 0.7342
loss: 0.0049, acc: 1.0000, valid_acc: 0.7769, valid_f1: 0.7358
loss: 0.0019, acc: 1.0000, valid_acc: 0.7801, valid_f1: 0.7393
loss: 0.0005, acc: 1.0000, valid_acc: 0.7769, valid_f1: 0.7349
loss: 0.0056, acc: 1.0000, valid_acc: 0.7722, valid_f1: 0.7309
loss: 0.0221, acc: 1.0000, valid_acc: 0.7690, valid_f1: 0.7278
loss: 0.0006, acc: 1.0000, valid_acc: 0.7611, valid_f1: 0.7219
loss: 0.0016, acc: 1.0000, valid_acc: 0.7595, valid_f1: 0.7206
loss: 0.0052, acc: 1.0000, valid_acc: 0.7579, valid_f1: 0.7193
loss: 0.0034, acc: 1.0000, valid_acc: 0.7595, valid_f1: 0.7211
loss: 0.0055, acc: 1.0000, valid_acc: 0.7579, valid_f1: 0.7193
loss: 0.0208, acc: 1.0000, valid_acc: 0.7579, valid_f1: 0.7193
loss: 0.0008, acc: 1.0000, valid_acc: 0.7642, valid_f1: 0.7247
loss: 0.0005, acc: 1.0000, valid_acc: 0.7769, valid_f1: 0.7371
loss: 0.0191, acc: 1.0000, valid_acc: 0.7737, valid_f1: 0.7322
loss: 0.0030, acc: 1.0000, valid_acc: 0.7753, valid_f1: 0.7343
>>>>>>>>>>>>>>>>>>>>>>>>>>>>>>>>>>>>>>>>>>>>>>>>>>>>>>>>>>>>
epoch: 23
loss: 0.0084, acc: 1.0000, valid_acc: 0.7658, valid_f1: 0.7196
loss: 0.0036, acc: 1.0000, valid_acc: 0.7627, valid_f1: 0.7134
loss: 0.0003, acc: 1.0000, valid_acc: 0.7611, valid_f1: 0.7092
loss: 0.0007, acc: 1.0000, valid_acc: 0.7595, valid_f1: 0.7069
loss: 0.0102, acc: 1.0000, valid_acc: 0.7579, valid_f1: 0.7040
loss: 0.0077, acc: 1.0000, valid_acc: 0.7579, valid_f1: 0.7037
loss: 0.0187, acc: 1.0000, valid_acc: 0.7563, valid_f1: 0.7025
loss: 0.0104, acc: 1.0000, valid_acc: 0.7595, valid_f1: 0.7088
loss: 0.0015, acc: 1.0000, valid_acc: 0.7595, valid_f1: 0.7088
loss: 0.0000, acc: 1.0000, valid_acc: 0.7627, valid_f1: 0.7138
loss: 0.0004, acc: 1.0000, valid_acc: 0.7611, valid_f1: 0.7113
loss: 0.0001, acc: 1.0000, valid_acc: 0.7627, valid_f1: 0.7138
loss: 0.0006, acc: 1.0000, valid_acc: 0.7611, valid_f1: 0.7134
loss: 0.0254, acc: 1.0000, valid_acc: 0.7579, valid_f1: 0.7080
loss: 0.0147, acc: 1.0000, valid_acc: 0.7579, valid_f1: 0.7080
loss: 0.0008, acc: 1.0000, valid_acc: 0.7595, valid_f1: 0.7105
loss: 0.0001, acc: 1.0000, valid_acc: 0.7595, valid_f1: 0.7105
loss: 0.0011, acc: 1.0000, valid_acc: 0.7579, valid_f1: 0.7087
loss: 0.0097, acc: 1.0000, valid_acc: 0.7563, valid_f1: 0.7065
loss: 0.0265, acc: 1.0000, valid_acc: 0.7563, valid_f1: 0.7065
loss: 0.0054, acc: 1.0000, valid_acc: 0.7547, valid_f1: 0.7045
loss: 0.0103, acc: 1.0000, valid_acc: 0.7547, valid_f1: 0.7045
loss: 0.0027, acc: 1.0000, valid_acc: 0.7563, valid_f1: 0.7070
loss: 0.0023, acc: 1.0000, valid_acc: 0.7563, valid_f1: 0.7079
loss: 0.0005, acc: 1.0000, valid_acc: 0.7563, valid_f1: 0.7079
loss: 0.0005, acc: 1.0000, valid_acc: 0.7563, valid_f1: 0.7079
loss: 0.0034, acc: 1.0000, valid_acc: 0.7595, valid_f1: 0.7129
loss: 0.0055, acc: 1.0000, valid_acc: 0.7611, valid_f1: 0.7142
>>>>>>>>>>>>>>>>>>>>>>>>>>>>>>>>>>>>>>>>>>>>>>>>>>>>>>>>>>>>
epoch: 24
loss: 0.0044, acc: 1.0000, valid_acc: 0.7579, valid_f1: 0.7072
loss: 0.0029, acc: 1.0000, valid_acc: 0.7547, valid_f1: 0.7016
loss: 0.0024, acc: 1.0000, valid_acc: 0.7516, valid_f1: 0.6965
loss: 0.0011, acc: 1.0000, valid_acc: 0.7595, valid_f1: 0.7087
loss: 0.0004, acc: 1.0000, valid_acc: 0.7642, valid_f1: 0.7168
loss: 0.0005, acc: 1.0000, valid_acc: 0.7627, valid_f1: 0.7152
loss: 0.0077, acc: 1.0000, valid_acc: 0.7706, valid_f1: 0.7280
loss: 0.0008, acc: 1.0000, valid_acc: 0.7642, valid_f1: 0.7244
loss: 0.0011, acc: 1.0000, valid_acc: 0.7658, valid_f1: 0.7284
loss: 0.0085, acc: 1.0000, valid_acc: 0.7658, valid_f1: 0.7284
loss: 0.0003, acc: 1.0000, valid_acc: 0.7658, valid_f1: 0.7277
loss: 0.0348, acc: 1.0000, valid_acc: 0.7658, valid_f1: 0.7266
loss: 0.0028, acc: 1.0000, valid_acc: 0.7706, valid_f1: 0.7295
loss: 0.0004, acc: 1.0000, valid_acc: 0.7658, valid_f1: 0.7193
loss: 0.0001, acc: 1.0000, valid_acc: 0.7658, valid_f1: 0.7168
loss: 0.0011, acc: 1.0000, valid_acc: 0.7642, valid_f1: 0.7146
loss: 0.0036, acc: 1.0000, valid_acc: 0.7627, valid_f1: 0.7124
loss: 0.0020, acc: 1.0000, valid_acc: 0.7642, valid_f1: 0.7136
loss: 0.0001, acc: 1.0000, valid_acc: 0.7642, valid_f1: 0.7136
loss: 0.0024, acc: 1.0000, valid_acc: 0.7642, valid_f1: 0.7136
loss: 0.0000, acc: 1.0000, valid_acc: 0.7627, valid_f1: 0.7124
loss: 0.1402, acc: 0.9972, valid_acc: 0.7690, valid_f1: 0.7231
loss: 0.0013, acc: 0.9973, valid_acc: 0.7658, valid_f1: 0.7204
loss: 0.0031, acc: 0.9974, valid_acc: 0.7674, valid_f1: 0.7237
loss: 0.0015, acc: 0.9975, valid_acc: 0.7658, valid_f1: 0.7231
loss: 0.0004, acc: 0.9976, valid_acc: 0.7690, valid_f1: 0.7279
loss: 0.0090, acc: 0.9977, valid_acc: 0.7690, valid_f1: 0.7280
loss: 0.0004, acc: 0.9978, valid_acc: 0.7674, valid_f1: 0.7252
loss: 0.0000, acc: 0.9978, valid_acc: 0.7706, valid_f1: 0.7291
>>>>>>>>>>>>>>>>>>>>>>>>>>>>>>>>>>>>>>>>>>>>>>>>>>>>>>>>>>>>
epoch: 25
loss: 0.0002, acc: 1.0000, valid_acc: 0.7690, valid_f1: 0.7277
loss: 0.0016, acc: 1.0000, valid_acc: 0.7706, valid_f1: 0.7298
loss: 0.0014, acc: 1.0000, valid_acc: 0.7690, valid_f1: 0.7277
loss: 0.0002, acc: 1.0000, valid_acc: 0.7658, valid_f1: 0.7217
loss: 0.0151, acc: 1.0000, valid_acc: 0.7690, valid_f1: 0.7248
loss: 0.2025, acc: 0.9792, valid_acc: 0.7706, valid_f1: 0.7238
loss: 0.0013, acc: 0.9821, valid_acc: 0.7706, valid_f1: 0.7164
loss: 0.0062, acc: 0.9844, valid_acc: 0.7642, valid_f1: 0.7026
loss: 0.0010, acc: 0.9861, valid_acc: 0.7579, valid_f1: 0.6885
loss: 0.0012, acc: 0.9875, valid_acc: 0.7579, valid_f1: 0.6885
loss: 0.0005, acc: 0.9886, valid_acc: 0.7595, valid_f1: 0.6910
loss: 0.0003, acc: 0.9896, valid_acc: 0.7595, valid_f1: 0.6956
loss: 0.0001, acc: 0.9904, valid_acc: 0.7627, valid_f1: 0.7038
loss: 0.0006, acc: 0.9911, valid_acc: 0.7642, valid_f1: 0.7072
loss: 0.5452, acc: 0.9875, valid_acc: 0.7674, valid_f1: 0.7155
loss: 0.0001, acc: 0.9883, valid_acc: 0.7595, valid_f1: 0.7112
loss: 0.0017, acc: 0.9890, valid_acc: 0.7547, valid_f1: 0.7101
loss: 0.0054, acc: 0.9896, valid_acc: 0.7516, valid_f1: 0.7062
loss: 0.0003, acc: 0.9901, valid_acc: 0.7437, valid_f1: 0.6975
loss: 0.0041, acc: 0.9906, valid_acc: 0.7453, valid_f1: 0.6995
loss: 0.0022, acc: 0.9911, valid_acc: 0.7453, valid_f1: 0.6995
loss: 0.0094, acc: 0.9915, valid_acc: 0.7468, valid_f1: 0.7023
loss: 0.0026, acc: 0.9918, valid_acc: 0.7563, valid_f1: 0.7153
loss: 0.0050, acc: 0.9922, valid_acc: 0.7579, valid_f1: 0.7154
loss: 0.0089, acc: 0.9925, valid_acc: 0.7563, valid_f1: 0.7140
loss: 0.0003, acc: 0.9928, valid_acc: 0.7579, valid_f1: 0.7153
loss: 0.0034, acc: 0.9931, valid_acc: 0.7611, valid_f1: 0.7190
loss: 0.0009, acc: 0.9933, valid_acc: 0.7611, valid_f1: 0.7176
loss: 0.0015, acc: 0.9934, valid_acc: 0.7642, valid_f1: 0.7210
>>>>>>>>>>>>>>>>>>>>>>>>>>>>>>>>>>>>>>>>>>>>>>>>>>>>>>>>>>>>
epoch: 26
loss: 0.0004, acc: 1.0000, valid_acc: 0.7658, valid_f1: 0.7237
loss: 0.0007, acc: 1.0000, valid_acc: 0.7627, valid_f1: 0.7192
loss: 0.0050, acc: 1.0000, valid_acc: 0.7642, valid_f1: 0.7216
loss: 0.0100, acc: 1.0000, valid_acc: 0.7642, valid_f1: 0.7222
loss: 0.0036, acc: 1.0000, valid_acc: 0.7658, valid_f1: 0.7235
loss: 0.0001, acc: 1.0000, valid_acc: 0.7658, valid_f1: 0.7239
loss: 0.0002, acc: 1.0000, valid_acc: 0.7658, valid_f1: 0.7239
loss: 0.0002, acc: 1.0000, valid_acc: 0.7658, valid_f1: 0.7239
loss: 0.0001, acc: 1.0000, valid_acc: 0.7674, valid_f1: 0.7251
loss: 0.0001, acc: 1.0000, valid_acc: 0.7690, valid_f1: 0.7264
loss: 0.0013, acc: 1.0000, valid_acc: 0.7690, valid_f1: 0.7264
loss: 0.0014, acc: 1.0000, valid_acc: 0.7690, valid_f1: 0.7264
loss: 0.0045, acc: 1.0000, valid_acc: 0.7674, valid_f1: 0.7240
loss: 0.0020, acc: 1.0000, valid_acc: 0.7674, valid_f1: 0.7240
loss: 0.0000, acc: 1.0000, valid_acc: 0.7674, valid_f1: 0.7240
loss: 0.0027, acc: 1.0000, valid_acc: 0.7674, valid_f1: 0.7240
loss: 0.0005, acc: 1.0000, valid_acc: 0.7690, valid_f1: 0.7253
loss: 0.0021, acc: 1.0000, valid_acc: 0.7690, valid_f1: 0.7253
loss: 0.0155, acc: 1.0000, valid_acc: 0.7690, valid_f1: 0.7253
loss: 0.0002, acc: 1.0000, valid_acc: 0.7642, valid_f1: 0.7202
loss: 0.0025, acc: 1.0000, valid_acc: 0.7627, valid_f1: 0.7175
loss: 0.0776, acc: 0.9972, valid_acc: 0.7611, valid_f1: 0.7150
loss: 0.0028, acc: 0.9973, valid_acc: 0.7627, valid_f1: 0.7171
loss: 0.0031, acc: 0.9974, valid_acc: 0.7642, valid_f1: 0.7195
loss: 0.0001, acc: 0.9975, valid_acc: 0.7642, valid_f1: 0.7195
loss: 0.0089, acc: 0.9976, valid_acc: 0.7658, valid_f1: 0.7208
loss: 0.0002, acc: 0.9977, valid_acc: 0.7642, valid_f1: 0.7183
loss: 0.0037, acc: 0.9978, valid_acc: 0.7642, valid_f1: 0.7183
>>>>>>>>>>>>>>>>>>>>>>>>>>>>>>>>>>>>>>>>>>>>>>>>>>>>>>>>>>>>
epoch: 27
loss: 0.0009, acc: 1.0000, valid_acc: 0.7642, valid_f1: 0.7183
loss: 0.0010, acc: 1.0000, valid_acc: 0.7642, valid_f1: 0.7183
loss: 0.0022, acc: 1.0000, valid_acc: 0.7674, valid_f1: 0.7221
loss: 0.0005, acc: 1.0000, valid_acc: 0.7706, valid_f1: 0.7258
loss: 0.0001, acc: 1.0000, valid_acc: 0.7706, valid_f1: 0.7258
loss: 0.0121, acc: 1.0000, valid_acc: 0.7737, valid_f1: 0.7296
loss: 0.0001, acc: 1.0000, valid_acc: 0.7706, valid_f1: 0.7254
loss: 0.0011, acc: 1.0000, valid_acc: 0.7658, valid_f1: 0.7191
loss: 0.0010, acc: 1.0000, valid_acc: 0.7642, valid_f1: 0.7166
loss: 0.0016, acc: 1.0000, valid_acc: 0.7642, valid_f1: 0.7166
loss: 0.0001, acc: 1.0000, valid_acc: 0.7642, valid_f1: 0.7166
loss: 0.0011, acc: 1.0000, valid_acc: 0.7642, valid_f1: 0.7166
loss: 0.0002, acc: 1.0000, valid_acc: 0.7642, valid_f1: 0.7166
loss: 0.0010, acc: 1.0000, valid_acc: 0.7642, valid_f1: 0.7166
loss: 0.0003, acc: 1.0000, valid_acc: 0.7642, valid_f1: 0.7166
loss: 0.0023, acc: 1.0000, valid_acc: 0.7642, valid_f1: 0.7166
loss: 0.0003, acc: 1.0000, valid_acc: 0.7642, valid_f1: 0.7166
loss: 0.0057, acc: 1.0000, valid_acc: 0.7642, valid_f1: 0.7166
loss: 0.0009, acc: 1.0000, valid_acc: 0.7642, valid_f1: 0.7166
loss: 0.0003, acc: 1.0000, valid_acc: 0.7658, valid_f1: 0.7188
loss: 0.0021, acc: 1.0000, valid_acc: 0.7658, valid_f1: 0.7188
loss: 0.0058, acc: 1.0000, valid_acc: 0.7658, valid_f1: 0.7188
loss: 0.0000, acc: 1.0000, valid_acc: 0.7642, valid_f1: 0.7166
loss: 0.1205, acc: 0.9974, valid_acc: 0.7737, valid_f1: 0.7257
loss: 0.0319, acc: 0.9975, valid_acc: 0.7516, valid_f1: 0.6851
loss: 0.0001, acc: 0.9976, valid_acc: 0.7642, valid_f1: 0.7088
loss: 0.0027, acc: 0.9977, valid_acc: 0.7642, valid_f1: 0.7199
loss: 0.0010, acc: 0.9978, valid_acc: 0.7722, valid_f1: 0.7291
loss: 0.0063, acc: 0.9978, valid_acc: 0.7326, valid_f1: 0.6851
>>>>>>>>>>>>>>>>>>>>>>>>>>>>>>>>>>>>>>>>>>>>>>>>>>>>>>>>>>>>
epoch: 28
loss: 0.3585, acc: 0.8750, valid_acc: 0.7373, valid_f1: 0.6907
loss: 0.0011, acc: 0.9375, valid_acc: 0.7785, valid_f1: 0.7445
loss: 0.0080, acc: 0.9583, valid_acc: 0.7706, valid_f1: 0.7341
loss: 0.0003, acc: 0.9688, valid_acc: 0.7674, valid_f1: 0.7265
loss: 0.0018, acc: 0.9750, valid_acc: 0.7658, valid_f1: 0.7212
loss: 0.0022, acc: 0.9792, valid_acc: 0.7595, valid_f1: 0.7111
loss: 0.0046, acc: 0.9821, valid_acc: 0.7516, valid_f1: 0.6980
loss: 0.1504, acc: 0.9766, valid_acc: 0.7453, valid_f1: 0.6898
loss: 0.0059, acc: 0.9792, valid_acc: 0.7389, valid_f1: 0.6786
loss: 0.0014, acc: 0.9812, valid_acc: 0.7389, valid_f1: 0.6788
loss: 0.0038, acc: 0.9830, valid_acc: 0.7405, valid_f1: 0.6819
loss: 0.0038, acc: 0.9844, valid_acc: 0.7389, valid_f1: 0.6801
loss: 0.0052, acc: 0.9856, valid_acc: 0.7405, valid_f1: 0.6818
loss: 0.0162, acc: 0.9866, valid_acc: 0.7437, valid_f1: 0.6879
loss: 0.0153, acc: 0.9875, valid_acc: 0.7389, valid_f1: 0.6869
loss: 0.0003, acc: 0.9883, valid_acc: 0.7468, valid_f1: 0.7004
loss: 0.0236, acc: 0.9890, valid_acc: 0.7516, valid_f1: 0.7097
loss: 0.1131, acc: 0.9861, valid_acc: 0.7563, valid_f1: 0.7129
loss: 0.0006, acc: 0.9868, valid_acc: 0.7690, valid_f1: 0.7262
loss: 0.0011, acc: 0.9875, valid_acc: 0.7674, valid_f1: 0.7260
loss: 0.0040, acc: 0.9881, valid_acc: 0.7706, valid_f1: 0.7322
loss: 0.1801, acc: 0.9858, valid_acc: 0.7579, valid_f1: 0.7235
loss: 0.0032, acc: 0.9864, valid_acc: 0.7516, valid_f1: 0.7189
loss: 0.0109, acc: 0.9870, valid_acc: 0.7468, valid_f1: 0.7157
loss: 0.0098, acc: 0.9875, valid_acc: 0.7453, valid_f1: 0.7126
loss: 0.0132, acc: 0.9880, valid_acc: 0.7421, valid_f1: 0.7075
loss: 0.0026, acc: 0.9884, valid_acc: 0.7453, valid_f1: 0.7101
loss: 0.0004, acc: 0.9888, valid_acc: 0.7547, valid_f1: 0.7184
>>>>>>>>>>>>>>>>>>>>>>>>>>>>>>>>>>>>>>>>>>>>>>>>>>>>>>>>>>>>
epoch: 29
loss: 0.0046, acc: 1.0000, valid_acc: 0.7658, valid_f1: 0.7305
loss: 0.5835, acc: 0.9688, valid_acc: 0.7658, valid_f1: 0.7289
loss: 0.0036, acc: 0.9792, valid_acc: 0.7563, valid_f1: 0.7146
loss: 0.0017, acc: 0.9844, valid_acc: 0.7500, valid_f1: 0.7035
loss: 0.0211, acc: 0.9875, valid_acc: 0.7532, valid_f1: 0.7039
loss: 0.0005, acc: 0.9896, valid_acc: 0.7516, valid_f1: 0.7014
loss: 0.0015, acc: 0.9911, valid_acc: 0.7516, valid_f1: 0.7002
loss: 0.0006, acc: 0.9922, valid_acc: 0.7500, valid_f1: 0.6976
loss: 0.1617, acc: 0.9861, valid_acc: 0.7484, valid_f1: 0.6959
loss: 0.0628, acc: 0.9812, valid_acc: 0.7468, valid_f1: 0.6934
loss: 0.0001, acc: 0.9830, valid_acc: 0.7468, valid_f1: 0.6970
loss: 0.0096, acc: 0.9844, valid_acc: 0.7516, valid_f1: 0.7056
loss: 0.0295, acc: 0.9856, valid_acc: 0.7563, valid_f1: 0.7141
loss: 0.0083, acc: 0.9866, valid_acc: 0.7563, valid_f1: 0.7169
loss: 0.0003, acc: 0.9875, valid_acc: 0.7532, valid_f1: 0.7146
loss: 0.0001, acc: 0.9883, valid_acc: 0.7532, valid_f1: 0.7153
loss: 0.0010, acc: 0.9890, valid_acc: 0.7547, valid_f1: 0.7176
loss: 0.0008, acc: 0.9896, valid_acc: 0.7547, valid_f1: 0.7171
loss: 0.0038, acc: 0.9901, valid_acc: 0.7563, valid_f1: 0.7137
loss: 0.0030, acc: 0.9906, valid_acc: 0.7595, valid_f1: 0.7146
loss: 0.0070, acc: 0.9911, valid_acc: 0.7563, valid_f1: 0.7089
loss: 0.0151, acc: 0.9915, valid_acc: 0.7532, valid_f1: 0.7033
loss: 0.0043, acc: 0.9918, valid_acc: 0.7516, valid_f1: 0.7008
loss: 0.0023, acc: 0.9922, valid_acc: 0.7516, valid_f1: 0.7008
loss: 0.0019, acc: 0.9925, valid_acc: 0.7516, valid_f1: 0.7008
loss: 0.0025, acc: 0.9928, valid_acc: 0.7516, valid_f1: 0.7008
loss: 0.0407, acc: 0.9931, valid_acc: 0.7532, valid_f1: 0.7033
loss: 0.0146, acc: 0.9933, valid_acc: 0.7500, valid_f1: 0.7005
loss: 0.0287, acc: 0.9935, valid_acc: 0.7563, valid_f1: 0.7109
>>>>>>>>>>>>>>>>>>>>>>>>>>>>>>>>>>>>>>>>>>>>>>>>>>>>>>>>>>>>
epoch: 30
loss: 0.0108, acc: 1.0000, valid_acc: 0.7627, valid_f1: 0.7216
loss: 0.0155, acc: 1.0000, valid_acc: 0.7642, valid_f1: 0.7242
loss: 0.0008, acc: 1.0000, valid_acc: 0.7627, valid_f1: 0.7220
loss: 0.0010, acc: 1.0000, valid_acc: 0.7658, valid_f1: 0.7252
loss: 0.0166, acc: 1.0000, valid_acc: 0.7658, valid_f1: 0.7250
loss: 0.0011, acc: 1.0000, valid_acc: 0.7674, valid_f1: 0.7247
loss: 0.0012, acc: 1.0000, valid_acc: 0.7658, valid_f1: 0.7219
loss: 0.0029, acc: 1.0000, valid_acc: 0.7658, valid_f1: 0.7219
loss: 0.0011, acc: 1.0000, valid_acc: 0.7658, valid_f1: 0.7219
loss: 0.0001, acc: 1.0000, valid_acc: 0.7658, valid_f1: 0.7219
loss: 0.0020, acc: 1.0000, valid_acc: 0.7642, valid_f1: 0.7195
loss: 0.0006, acc: 1.0000, valid_acc: 0.7627, valid_f1: 0.7174
loss: 0.0001, acc: 1.0000, valid_acc: 0.7690, valid_f1: 0.7282
loss: 0.0017, acc: 1.0000, valid_acc: 0.7642, valid_f1: 0.7282
loss: 0.0006, acc: 1.0000, valid_acc: 0.7674, valid_f1: 0.7347
loss: 0.0008, acc: 1.0000, valid_acc: 0.7674, valid_f1: 0.7359
loss: 0.0049, acc: 1.0000, valid_acc: 0.7627, valid_f1: 0.7313
loss: 0.0025, acc: 1.0000, valid_acc: 0.7627, valid_f1: 0.7313
loss: 0.0025, acc: 1.0000, valid_acc: 0.7611, valid_f1: 0.7299
loss: 0.0022, acc: 1.0000, valid_acc: 0.7611, valid_f1: 0.7299
loss: 0.0014, acc: 1.0000, valid_acc: 0.7611, valid_f1: 0.7246
loss: 0.0047, acc: 1.0000, valid_acc: 0.7611, valid_f1: 0.7217
loss: 0.0017, acc: 1.0000, valid_acc: 0.7595, valid_f1: 0.7167
loss: 0.0012, acc: 1.0000, valid_acc: 0.7563, valid_f1: 0.7111
loss: 0.0016, acc: 1.0000, valid_acc: 0.7547, valid_f1: 0.7087
loss: 0.0002, acc: 1.0000, valid_acc: 0.7547, valid_f1: 0.7081
loss: 0.0003, acc: 1.0000, valid_acc: 0.7405, valid_f1: 0.6852
loss: 0.0083, acc: 1.0000, valid_acc: 0.7405, valid_f1: 0.6811
loss: 0.0004, acc: 1.0000, valid_acc: 0.7373, valid_f1: 0.6770
>>>>>>>>>>>>>>>>>>>>>>>>>>>>>>>>>>>>>>>>>>>>>>>>>>>>>>>>>>>>
epoch: 31
loss: 0.0000, acc: 1.0000, valid_acc: 0.7468, valid_f1: 0.6926
loss: 0.0001, acc: 1.0000, valid_acc: 0.7547, valid_f1: 0.7047
loss: 0.0001, acc: 1.0000, valid_acc: 0.7516, valid_f1: 0.7011
loss: 0.0003, acc: 1.0000, valid_acc: 0.7500, valid_f1: 0.6999
loss: 0.0002, acc: 1.0000, valid_acc: 0.7516, valid_f1: 0.7023
loss: 0.0007, acc: 1.0000, valid_acc: 0.7532, valid_f1: 0.7039
loss: 0.0006, acc: 1.0000, valid_acc: 0.7516, valid_f1: 0.7021
loss: 0.0008, acc: 1.0000, valid_acc: 0.7579, valid_f1: 0.7096
loss: 0.0164, acc: 1.0000, valid_acc: 0.7595, valid_f1: 0.7167
loss: 0.0008, acc: 1.0000, valid_acc: 0.7595, valid_f1: 0.7229
loss: 0.0017, acc: 1.0000, valid_acc: 0.7532, valid_f1: 0.7193
loss: 0.1697, acc: 0.9948, valid_acc: 0.7532, valid_f1: 0.7193
loss: 0.0013, acc: 0.9952, valid_acc: 0.7532, valid_f1: 0.6978
loss: 0.0351, acc: 0.9955, valid_acc: 0.7405, valid_f1: 0.6556
loss: 0.0018, acc: 0.9958, valid_acc: 0.7453, valid_f1: 0.6713
loss: 0.0041, acc: 0.9961, valid_acc: 0.7547, valid_f1: 0.6981
loss: 0.0007, acc: 0.9963, valid_acc: 0.7532, valid_f1: 0.7014
loss: 0.0001, acc: 0.9965, valid_acc: 0.7516, valid_f1: 0.7038
loss: 0.0005, acc: 0.9967, valid_acc: 0.7453, valid_f1: 0.6857
loss: 0.0002, acc: 0.9969, valid_acc: 0.7453, valid_f1: 0.6719
loss: 0.0003, acc: 0.9970, valid_acc: 0.7453, valid_f1: 0.6821
loss: 0.0004, acc: 0.9972, valid_acc: 0.7484, valid_f1: 0.6996
loss: 0.0201, acc: 0.9973, valid_acc: 0.7547, valid_f1: 0.7150
loss: 0.0015, acc: 0.9974, valid_acc: 0.7563, valid_f1: 0.7186
loss: 0.0022, acc: 0.9975, valid_acc: 0.7579, valid_f1: 0.7189
loss: 0.0001, acc: 0.9976, valid_acc: 0.7468, valid_f1: 0.7016
loss: 0.0001, acc: 0.9977, valid_acc: 0.7484, valid_f1: 0.7023
loss: 0.0023, acc: 0.9978, valid_acc: 0.7468, valid_f1: 0.7002
>>>>>>>>>>>>>>>>>>>>>>>>>>>>>>>>>>>>>>>>>>>>>>>>>>>>>>>>>>>>
epoch: 32
loss: 0.0009, acc: 1.0000, valid_acc: 0.7468, valid_f1: 0.6975
loss: 0.0011, acc: 1.0000, valid_acc: 0.7468, valid_f1: 0.6962
loss: 0.0005, acc: 1.0000, valid_acc: 0.7468, valid_f1: 0.6953
loss: 0.0001, acc: 1.0000, valid_acc: 0.7468, valid_f1: 0.6953
loss: 0.0008, acc: 1.0000, valid_acc: 0.7468, valid_f1: 0.6962
loss: 0.0035, acc: 1.0000, valid_acc: 0.7484, valid_f1: 0.7020
loss: 0.0027, acc: 1.0000, valid_acc: 0.7500, valid_f1: 0.7047
loss: 0.0029, acc: 1.0000, valid_acc: 0.7579, valid_f1: 0.7168
loss: 0.0015, acc: 1.0000, valid_acc: 0.7579, valid_f1: 0.7164
loss: 0.0095, acc: 1.0000, valid_acc: 0.7563, valid_f1: 0.7146
loss: 0.0002, acc: 1.0000, valid_acc: 0.7547, valid_f1: 0.7125
loss: 0.0032, acc: 1.0000, valid_acc: 0.7547, valid_f1: 0.7125
loss: 0.0034, acc: 1.0000, valid_acc: 0.7532, valid_f1: 0.7105
loss: 0.0015, acc: 1.0000, valid_acc: 0.7532, valid_f1: 0.7092
loss: 0.0013, acc: 1.0000, valid_acc: 0.7484, valid_f1: 0.7031
loss: 0.0012, acc: 1.0000, valid_acc: 0.7453, valid_f1: 0.6985
loss: 0.0013, acc: 1.0000, valid_acc: 0.7453, valid_f1: 0.6985
loss: 0.0002, acc: 1.0000, valid_acc: 0.7453, valid_f1: 0.6985
loss: 0.0017, acc: 1.0000, valid_acc: 0.7453, valid_f1: 0.6985
loss: 0.0003, acc: 1.0000, valid_acc: 0.7453, valid_f1: 0.6985
loss: 0.0012, acc: 1.0000, valid_acc: 0.7453, valid_f1: 0.6985
loss: 0.0013, acc: 1.0000, valid_acc: 0.7453, valid_f1: 0.6985
loss: 0.0000, acc: 1.0000, valid_acc: 0.7468, valid_f1: 0.7010
loss: 0.0005, acc: 1.0000, valid_acc: 0.7468, valid_f1: 0.7010
loss: 0.0010, acc: 1.0000, valid_acc: 0.7468, valid_f1: 0.7010
loss: 0.0013, acc: 1.0000, valid_acc: 0.7468, valid_f1: 0.7010
loss: 0.0563, acc: 0.9977, valid_acc: 0.7468, valid_f1: 0.7010
loss: 0.0014, acc: 0.9978, valid_acc: 0.7468, valid_f1: 0.7003
loss: 0.0000, acc: 0.9978, valid_acc: 0.7453, valid_f1: 0.6979
>>>>>>>>>>>>>>>>>>>>>>>>>>>>>>>>>>>>>>>>>>>>>>>>>>>>>>>>>>>>
epoch: 33
loss: 0.0013, acc: 1.0000, valid_acc: 0.7453, valid_f1: 0.6979
loss: 0.0010, acc: 1.0000, valid_acc: 0.7468, valid_f1: 0.7003
loss: 0.0000, acc: 1.0000, valid_acc: 0.7468, valid_f1: 0.7003
loss: 0.0000, acc: 1.0000, valid_acc: 0.7468, valid_f1: 0.7003
loss: 0.0004, acc: 1.0000, valid_acc: 0.7484, valid_f1: 0.7028
loss: 0.0000, acc: 1.0000, valid_acc: 0.7484, valid_f1: 0.7028
loss: 0.0015, acc: 1.0000, valid_acc: 0.7484, valid_f1: 0.7028
loss: 0.0002, acc: 1.0000, valid_acc: 0.7484, valid_f1: 0.7031
loss: 0.0003, acc: 1.0000, valid_acc: 0.7484, valid_f1: 0.7031
loss: 0.0015, acc: 1.0000, valid_acc: 0.7500, valid_f1: 0.7055
loss: 0.0005, acc: 1.0000, valid_acc: 0.7500, valid_f1: 0.7055
loss: 0.0005, acc: 1.0000, valid_acc: 0.7500, valid_f1: 0.7052
loss: 0.0012, acc: 1.0000, valid_acc: 0.7500, valid_f1: 0.7052
loss: 0.0234, acc: 1.0000, valid_acc: 0.7516, valid_f1: 0.7077
loss: 0.0806, acc: 0.9958, valid_acc: 0.7231, valid_f1: 0.6724
loss: 0.0007, acc: 0.9961, valid_acc: 0.7310, valid_f1: 0.6493
loss: 0.0009, acc: 0.9963, valid_acc: 0.7263, valid_f1: 0.6391
loss: 0.2852, acc: 0.9931, valid_acc: 0.7500, valid_f1: 0.6924
loss: 0.5412, acc: 0.9868, valid_acc: 0.7563, valid_f1: 0.7275
loss: 0.0065, acc: 0.9875, valid_acc: 0.7690, valid_f1: 0.7360
loss: 0.0018, acc: 0.9881, valid_acc: 0.7532, valid_f1: 0.7087
loss: 0.0003, acc: 0.9886, valid_acc: 0.7468, valid_f1: 0.6916
loss: 0.0054, acc: 0.9891, valid_acc: 0.7421, valid_f1: 0.6795
loss: 0.0011, acc: 0.9896, valid_acc: 0.7405, valid_f1: 0.6756
loss: 0.0085, acc: 0.9900, valid_acc: 0.7405, valid_f1: 0.6738
loss: 0.0015, acc: 0.9904, valid_acc: 0.7326, valid_f1: 0.6740
loss: 0.0061, acc: 0.9907, valid_acc: 0.7421, valid_f1: 0.6923
loss: 0.1962, acc: 0.9888, valid_acc: 0.7405, valid_f1: 0.6933
>>>>>>>>>>>>>>>>>>>>>>>>>>>>>>>>>>>>>>>>>>>>>>>>>>>>>>>>>>>>
epoch: 34
loss: 0.0005, acc: 1.0000, valid_acc: 0.7389, valid_f1: 0.6876
loss: 0.0024, acc: 1.0000, valid_acc: 0.7389, valid_f1: 0.6866
loss: 0.0009, acc: 1.0000, valid_acc: 0.7389, valid_f1: 0.6851
loss: 0.0054, acc: 1.0000, valid_acc: 0.7468, valid_f1: 0.6979
loss: 0.0043, acc: 1.0000, valid_acc: 0.7484, valid_f1: 0.7025
loss: 0.0214, acc: 1.0000, valid_acc: 0.7453, valid_f1: 0.6991
loss: 0.0008, acc: 1.0000, valid_acc: 0.7532, valid_f1: 0.7046
loss: 0.0034, acc: 1.0000, valid_acc: 0.7437, valid_f1: 0.6846
loss: 0.0010, acc: 1.0000, valid_acc: 0.7421, valid_f1: 0.6757
loss: 0.0077, acc: 1.0000, valid_acc: 0.7484, valid_f1: 0.6936
loss: 0.0030, acc: 1.0000, valid_acc: 0.7484, valid_f1: 0.6987
loss: 0.0034, acc: 1.0000, valid_acc: 0.7516, valid_f1: 0.7008
loss: 0.0147, acc: 1.0000, valid_acc: 0.7516, valid_f1: 0.6971
loss: 0.0021, acc: 1.0000, valid_acc: 0.7500, valid_f1: 0.6925
loss: 0.0020, acc: 1.0000, valid_acc: 0.7547, valid_f1: 0.6963
loss: 0.0004, acc: 1.0000, valid_acc: 0.7547, valid_f1: 0.6965
loss: 0.0014, acc: 1.0000, valid_acc: 0.7516, valid_f1: 0.6945
loss: 0.0067, acc: 1.0000, valid_acc: 0.7516, valid_f1: 0.6957
loss: 0.0093, acc: 1.0000, valid_acc: 0.7579, valid_f1: 0.7019
loss: 0.7697, acc: 0.9969, valid_acc: 0.7642, valid_f1: 0.7115
loss: 0.0012, acc: 0.9970, valid_acc: 0.7611, valid_f1: 0.7141
loss: 0.0249, acc: 0.9972, valid_acc: 0.7611, valid_f1: 0.7179
loss: 0.0009, acc: 0.9973, valid_acc: 0.7642, valid_f1: 0.7230
loss: 0.0025, acc: 0.9974, valid_acc: 0.7642, valid_f1: 0.7237
loss: 0.0034, acc: 0.9975, valid_acc: 0.7611, valid_f1: 0.7205
loss: 0.0114, acc: 0.9976, valid_acc: 0.7611, valid_f1: 0.7197
loss: 0.0007, acc: 0.9977, valid_acc: 0.7595, valid_f1: 0.7177
loss: 0.0022, acc: 0.9978, valid_acc: 0.7611, valid_f1: 0.7190
loss: 0.0060, acc: 0.9978, valid_acc: 0.7642, valid_f1: 0.7215
>>>>>>>>>>>>>>>>>>>>>>>>>>>>>>>>>>>>>>>>>>>>>>>>>>>>>>>>>>>>
epoch: 35
loss: 0.0014, acc: 1.0000, valid_acc: 0.7595, valid_f1: 0.7152
loss: 0.0019, acc: 1.0000, valid_acc: 0.7595, valid_f1: 0.7152
loss: 0.0078, acc: 1.0000, valid_acc: 0.7579, valid_f1: 0.7131
loss: 0.0007, acc: 1.0000, valid_acc: 0.7532, valid_f1: 0.7064
loss: 0.0021, acc: 1.0000, valid_acc: 0.7516, valid_f1: 0.7039
loss: 0.0035, acc: 1.0000, valid_acc: 0.7500, valid_f1: 0.7017
loss: 0.0009, acc: 1.0000, valid_acc: 0.7500, valid_f1: 0.7017
loss: 0.0013, acc: 1.0000, valid_acc: 0.7484, valid_f1: 0.6997
loss: 0.0075, acc: 1.0000, valid_acc: 0.7484, valid_f1: 0.7004
loss: 0.0164, acc: 1.0000, valid_acc: 0.7468, valid_f1: 0.6991
loss: 0.0042, acc: 1.0000, valid_acc: 0.7722, valid_f1: 0.7341
loss: 0.0080, acc: 1.0000, valid_acc: 0.7658, valid_f1: 0.7281
loss: 0.0004, acc: 1.0000, valid_acc: 0.7642, valid_f1: 0.7265
loss: 0.0002, acc: 1.0000, valid_acc: 0.7627, valid_f1: 0.7213
loss: 0.0015, acc: 1.0000, valid_acc: 0.7579, valid_f1: 0.7120
loss: 0.0085, acc: 1.0000, valid_acc: 0.7532, valid_f1: 0.7034
loss: 0.0014, acc: 1.0000, valid_acc: 0.7516, valid_f1: 0.6989
loss: 0.0695, acc: 0.9965, valid_acc: 0.7484, valid_f1: 0.6946
loss: 0.0033, acc: 0.9967, valid_acc: 0.7579, valid_f1: 0.7109
loss: 0.0039, acc: 0.9969, valid_acc: 0.7547, valid_f1: 0.7092
loss: 0.0114, acc: 0.9970, valid_acc: 0.7484, valid_f1: 0.7026
loss: 0.0033, acc: 0.9972, valid_acc: 0.7579, valid_f1: 0.7151
loss: 0.0007, acc: 0.9973, valid_acc: 0.7500, valid_f1: 0.7039
loss: 0.0002, acc: 0.9974, valid_acc: 0.7547, valid_f1: 0.7099
loss: 0.0024, acc: 0.9975, valid_acc: 0.7595, valid_f1: 0.7158
loss: 0.0019, acc: 0.9976, valid_acc: 0.7563, valid_f1: 0.7114
loss: 0.0018, acc: 0.9977, valid_acc: 0.7563, valid_f1: 0.7114
loss: 0.0018, acc: 0.9978, valid_acc: 0.7579, valid_f1: 0.7134
loss: 0.0215, acc: 0.9978, valid_acc: 0.7547, valid_f1: 0.7092
>>>>>>>>>>>>>>>>>>>>>>>>>>>>>>>>>>>>>>>>>>>>>>>>>>>>>>>>>>>>
epoch: 36
loss: 0.0043, acc: 1.0000, valid_acc: 0.7563, valid_f1: 0.7113
loss: 0.0031, acc: 1.0000, valid_acc: 0.7547, valid_f1: 0.7092
loss: 0.0004, acc: 1.0000, valid_acc: 0.7547, valid_f1: 0.7092
loss: 0.0000, acc: 1.0000, valid_acc: 0.7547, valid_f1: 0.7092
loss: 0.0024, acc: 1.0000, valid_acc: 0.7547, valid_f1: 0.7092
loss: 0.0002, acc: 1.0000, valid_acc: 0.7547, valid_f1: 0.7092
loss: 0.0005, acc: 1.0000, valid_acc: 0.7547, valid_f1: 0.7087
loss: 0.0010, acc: 1.0000, valid_acc: 0.7547, valid_f1: 0.7087
loss: 0.0011, acc: 1.0000, valid_acc: 0.7563, valid_f1: 0.7112
loss: 0.0020, acc: 1.0000, valid_acc: 0.7579, valid_f1: 0.7133
loss: 0.0019, acc: 1.0000, valid_acc: 0.7579, valid_f1: 0.7133
loss: 0.0019, acc: 1.0000, valid_acc: 0.7563, valid_f1: 0.7112
loss: 0.0021, acc: 1.0000, valid_acc: 0.7579, valid_f1: 0.7131
loss: 0.0012, acc: 1.0000, valid_acc: 0.7595, valid_f1: 0.7143
loss: 0.0004, acc: 1.0000, valid_acc: 0.7595, valid_f1: 0.7143
loss: 0.0015, acc: 1.0000, valid_acc: 0.7595, valid_f1: 0.7143
loss: 0.0050, acc: 1.0000, valid_acc: 0.7595, valid_f1: 0.7143
loss: 0.0003, acc: 1.0000, valid_acc: 0.7611, valid_f1: 0.7168
loss: 0.0005, acc: 1.0000, valid_acc: 0.7611, valid_f1: 0.7168
loss: 0.0000, acc: 1.0000, valid_acc: 0.7627, valid_f1: 0.7189
loss: 0.0010, acc: 1.0000, valid_acc: 0.7563, valid_f1: 0.7106
loss: 0.0166, acc: 1.0000, valid_acc: 0.7547, valid_f1: 0.7093
loss: 0.0414, acc: 1.0000, valid_acc: 0.7627, valid_f1: 0.7209
loss: 0.0003, acc: 1.0000, valid_acc: 0.7642, valid_f1: 0.7255
loss: 0.0003, acc: 1.0000, valid_acc: 0.7690, valid_f1: 0.7313
loss: 0.0009, acc: 1.0000, valid_acc: 0.7706, valid_f1: 0.7303
loss: 0.0002, acc: 1.0000, valid_acc: 0.7547, valid_f1: 0.7092
loss: 0.0013, acc: 1.0000, valid_acc: 0.7532, valid_f1: 0.7052
>>>>>>>>>>>>>>>>>>>>>>>>>>>>>>>>>>>>>>>>>>>>>>>>>>>>>>>>>>>>
epoch: 37
loss: 0.0000, acc: 1.0000, valid_acc: 0.7484, valid_f1: 0.6983
loss: 0.0009, acc: 1.0000, valid_acc: 0.7468, valid_f1: 0.6961
loss: 0.0005, acc: 1.0000, valid_acc: 0.7484, valid_f1: 0.6956
loss: 0.0002, acc: 1.0000, valid_acc: 0.7516, valid_f1: 0.6981
loss: 0.0008, acc: 1.0000, valid_acc: 0.7516, valid_f1: 0.6981
loss: 0.0011, acc: 1.0000, valid_acc: 0.7516, valid_f1: 0.6978
loss: 0.0003, acc: 1.0000, valid_acc: 0.7516, valid_f1: 0.6978
loss: 0.0038, acc: 1.0000, valid_acc: 0.7500, valid_f1: 0.6965
loss: 0.0014, acc: 1.0000, valid_acc: 0.7500, valid_f1: 0.6975
loss: 0.0002, acc: 1.0000, valid_acc: 0.7532, valid_f1: 0.7026
loss: 0.0000, acc: 1.0000, valid_acc: 0.7500, valid_f1: 0.7001
loss: 0.0048, acc: 1.0000, valid_acc: 0.7516, valid_f1: 0.7028
loss: 0.0001, acc: 1.0000, valid_acc: 0.7484, valid_f1: 0.6995
loss: 0.0004, acc: 1.0000, valid_acc: 0.7516, valid_f1: 0.7038
loss: 0.0006, acc: 1.0000, valid_acc: 0.7516, valid_f1: 0.7038
loss: 0.0006, acc: 1.0000, valid_acc: 0.7563, valid_f1: 0.7105
loss: 0.0058, acc: 1.0000, valid_acc: 0.7579, valid_f1: 0.7130
loss: 0.0001, acc: 1.0000, valid_acc: 0.7563, valid_f1: 0.7129
loss: 0.0008, acc: 1.0000, valid_acc: 0.7595, valid_f1: 0.7173
loss: 0.0004, acc: 1.0000, valid_acc: 0.7595, valid_f1: 0.7173
loss: 0.0029, acc: 1.0000, valid_acc: 0.7595, valid_f1: 0.7173
loss: 0.0007, acc: 1.0000, valid_acc: 0.7595, valid_f1: 0.7173
loss: 0.0012, acc: 1.0000, valid_acc: 0.7595, valid_f1: 0.7173
loss: 0.0007, acc: 1.0000, valid_acc: 0.7595, valid_f1: 0.7173
loss: 0.0002, acc: 1.0000, valid_acc: 0.7611, valid_f1: 0.7194
loss: 0.0007, acc: 1.0000, valid_acc: 0.7611, valid_f1: 0.7194
loss: 0.0009, acc: 1.0000, valid_acc: 0.7611, valid_f1: 0.7194
loss: 0.0003, acc: 1.0000, valid_acc: 0.7611, valid_f1: 0.7194
loss: 0.0005, acc: 1.0000, valid_acc: 0.7611, valid_f1: 0.7194
>>>>>>>>>>>>>>>>>>>>>>>>>>>>>>>>>>>>>>>>>>>>>>>>>>>>>>>>>>>>
epoch: 38
loss: 0.0010, acc: 1.0000, valid_acc: 0.7611, valid_f1: 0.7194
loss: 0.0014, acc: 1.0000, valid_acc: 0.7611, valid_f1: 0.7194
loss: 0.0002, acc: 1.0000, valid_acc: 0.7627, valid_f1: 0.7214
loss: 0.0001, acc: 1.0000, valid_acc: 0.7579, valid_f1: 0.7168
loss: 0.0006, acc: 1.0000, valid_acc: 0.7611, valid_f1: 0.7171
loss: 0.0016, acc: 1.0000, valid_acc: 0.7468, valid_f1: 0.6896
loss: 0.0004, acc: 1.0000, valid_acc: 0.7500, valid_f1: 0.6856
loss: 0.0047, acc: 1.0000, valid_acc: 0.7500, valid_f1: 0.6802
loss: 0.0141, acc: 1.0000, valid_acc: 0.7453, valid_f1: 0.6739
loss: 0.0023, acc: 1.0000, valid_acc: 0.7516, valid_f1: 0.6867
loss: 0.0001, acc: 1.0000, valid_acc: 0.7500, valid_f1: 0.6880
loss: 0.0001, acc: 1.0000, valid_acc: 0.7484, valid_f1: 0.6864
loss: 0.0002, acc: 1.0000, valid_acc: 0.7516, valid_f1: 0.6912
loss: 0.0000, acc: 1.0000, valid_acc: 0.7500, valid_f1: 0.6900
loss: 0.0034, acc: 1.0000, valid_acc: 0.7516, valid_f1: 0.6933
loss: 0.0035, acc: 1.0000, valid_acc: 0.7532, valid_f1: 0.6956
loss: 0.0009, acc: 1.0000, valid_acc: 0.7532, valid_f1: 0.6956
loss: 0.0006, acc: 1.0000, valid_acc: 0.7532, valid_f1: 0.6956
loss: 0.0000, acc: 1.0000, valid_acc: 0.7547, valid_f1: 0.6979
loss: 0.0005, acc: 1.0000, valid_acc: 0.7532, valid_f1: 0.6967
loss: 0.0001, acc: 1.0000, valid_acc: 0.7532, valid_f1: 0.6967
loss: 0.0003, acc: 1.0000, valid_acc: 0.7532, valid_f1: 0.6967
loss: 0.0010, acc: 1.0000, valid_acc: 0.7547, valid_f1: 0.6985
loss: 0.0004, acc: 1.0000, valid_acc: 0.7563, valid_f1: 0.6997
loss: 0.0012, acc: 1.0000, valid_acc: 0.7532, valid_f1: 0.6947
loss: 0.0001, acc: 1.0000, valid_acc: 0.7500, valid_f1: 0.6906
loss: 0.0001, acc: 1.0000, valid_acc: 0.7500, valid_f1: 0.6906
loss: 0.0002, acc: 1.0000, valid_acc: 0.7500, valid_f1: 0.6906
>>>>>>>>>>>>>>>>>>>>>>>>>>>>>>>>>>>>>>>>>>>>>>>>>>>>>>>>>>>>
epoch: 39
loss: 0.0014, acc: 1.0000, valid_acc: 0.7500, valid_f1: 0.6906
loss: 0.0003, acc: 1.0000, valid_acc: 0.7500, valid_f1: 0.6906
loss: 0.0001, acc: 1.0000, valid_acc: 0.7500, valid_f1: 0.6906
loss: 0.0004, acc: 1.0000, valid_acc: 0.7500, valid_f1: 0.6906
loss: 0.0006, acc: 1.0000, valid_acc: 0.7500, valid_f1: 0.6906
loss: 0.0000, acc: 1.0000, valid_acc: 0.7500, valid_f1: 0.6906
loss: 0.0001, acc: 1.0000, valid_acc: 0.7500, valid_f1: 0.6906
loss: 0.0017, acc: 1.0000, valid_acc: 0.7500, valid_f1: 0.6906
loss: 0.0004, acc: 1.0000, valid_acc: 0.7484, valid_f1: 0.6879
loss: 0.0006, acc: 1.0000, valid_acc: 0.7500, valid_f1: 0.6906
loss: 0.0008, acc: 1.0000, valid_acc: 0.7516, valid_f1: 0.6933
loss: 0.0032, acc: 1.0000, valid_acc: 0.7516, valid_f1: 0.6941
loss: 0.0015, acc: 1.0000, valid_acc: 0.7516, valid_f1: 0.6941
loss: 0.0000, acc: 1.0000, valid_acc: 0.7484, valid_f1: 0.6902
loss: 0.0022, acc: 1.0000, valid_acc: 0.7484, valid_f1: 0.6902
loss: 0.0003, acc: 1.0000, valid_acc: 0.7500, valid_f1: 0.6928
loss: 0.0001, acc: 1.0000, valid_acc: 0.7484, valid_f1: 0.6905
loss: 0.0001, acc: 1.0000, valid_acc: 0.7532, valid_f1: 0.6967
loss: 0.0012, acc: 1.0000, valid_acc: 0.7532, valid_f1: 0.6967
loss: 0.0000, acc: 1.0000, valid_acc: 0.7532, valid_f1: 0.6967
loss: 0.0001, acc: 1.0000, valid_acc: 0.7532, valid_f1: 0.6967
loss: 0.0003, acc: 1.0000, valid_acc: 0.7516, valid_f1: 0.6946
loss: 0.0001, acc: 1.0000, valid_acc: 0.7516, valid_f1: 0.6946
loss: 0.0022, acc: 1.0000, valid_acc: 0.7516, valid_f1: 0.6946
loss: 0.0008, acc: 1.0000, valid_acc: 0.7516, valid_f1: 0.6946
loss: 0.0009, acc: 1.0000, valid_acc: 0.7500, valid_f1: 0.6900
loss: 0.0002, acc: 1.0000, valid_acc: 0.7484, valid_f1: 0.6864
loss: 0.0002, acc: 1.0000, valid_acc: 0.7516, valid_f1: 0.6856
loss: 0.0002, acc: 1.0000, valid_acc: 0.7468, valid_f1: 0.6785
>>>>>>>>>>>>>>>>>>>>>>>>>>>>>>>>>>>>>>>>>>>>>>>>>>>>>>>>>>>>
epoch: 40
loss: 0.0006, acc: 1.0000, valid_acc: 0.7468, valid_f1: 0.6785
loss: 0.0009, acc: 1.0000, valid_acc: 0.7437, valid_f1: 0.6734
loss: 0.0001, acc: 1.0000, valid_acc: 0.7468, valid_f1: 0.6785
loss: 0.0021, acc: 1.0000, valid_acc: 0.7484, valid_f1: 0.6810
loss: 0.0001, acc: 1.0000, valid_acc: 0.7532, valid_f1: 0.6887
loss: 0.0003, acc: 1.0000, valid_acc: 0.7484, valid_f1: 0.6843
loss: 0.0012, acc: 1.0000, valid_acc: 0.7500, valid_f1: 0.6948
loss: 0.0003, acc: 1.0000, valid_acc: 0.7563, valid_f1: 0.7056
loss: 0.0001, acc: 1.0000, valid_acc: 0.7500, valid_f1: 0.6901
loss: 0.0106, acc: 1.0000, valid_acc: 0.7468, valid_f1: 0.6776
loss: 0.0004, acc: 1.0000, valid_acc: 0.7484, valid_f1: 0.6814
loss: 0.0030, acc: 1.0000, valid_acc: 0.7500, valid_f1: 0.6838
loss: 0.0004, acc: 1.0000, valid_acc: 0.7500, valid_f1: 0.6855
loss: 0.0003, acc: 1.0000, valid_acc: 0.7516, valid_f1: 0.6888
loss: 0.0002, acc: 1.0000, valid_acc: 0.7500, valid_f1: 0.6898
loss: 0.0003, acc: 1.0000, valid_acc: 0.7516, valid_f1: 0.6922
loss: 0.0021, acc: 1.0000, valid_acc: 0.7484, valid_f1: 0.6889
loss: 0.0010, acc: 1.0000, valid_acc: 0.7532, valid_f1: 0.6968
loss: 0.0002, acc: 1.0000, valid_acc: 0.7547, valid_f1: 0.7001
loss: 0.0002, acc: 1.0000, valid_acc: 0.7595, valid_f1: 0.7072
loss: 0.0001, acc: 1.0000, valid_acc: 0.7627, valid_f1: 0.7119
loss: 0.0008, acc: 1.0000, valid_acc: 0.7627, valid_f1: 0.7120
loss: 0.0009, acc: 1.0000, valid_acc: 0.7627, valid_f1: 0.7129
loss: 0.0004, acc: 1.0000, valid_acc: 0.7611, valid_f1: 0.7098
loss: 0.0000, acc: 1.0000, valid_acc: 0.7579, valid_f1: 0.7036
loss: 0.0008, acc: 1.0000, valid_acc: 0.7516, valid_f1: 0.7069
loss: 0.0002, acc: 1.0000, valid_acc: 0.7516, valid_f1: 0.7083
loss: 0.0008, acc: 1.0000, valid_acc: 0.7405, valid_f1: 0.6981
loss: 0.0008, acc: 1.0000, valid_acc: 0.7373, valid_f1: 0.6948
>>>>>>>>>>>>>>>>>>>>>>>>>>>>>>>>>>>>>>>>>>>>>>>>>>>>>>>>>>>>
epoch: 41
loss: 0.0004, acc: 1.0000, valid_acc: 0.7389, valid_f1: 0.6985
loss: 0.0005, acc: 1.0000, valid_acc: 0.7421, valid_f1: 0.7036
loss: 0.0889, acc: 0.9792, valid_acc: 0.7516, valid_f1: 0.7135
loss: 0.0000, acc: 0.9844, valid_acc: 0.7816, valid_f1: 0.7361
loss: 0.0000, acc: 0.9875, valid_acc: 0.7737, valid_f1: 0.7239
loss: 0.0019, acc: 0.9896, valid_acc: 0.7658, valid_f1: 0.7139
loss: 0.0000, acc: 0.9911, valid_acc: 0.7690, valid_f1: 0.7199
loss: 0.0000, acc: 0.9922, valid_acc: 0.7753, valid_f1: 0.7282
loss: 0.0181, acc: 0.9931, valid_acc: 0.7753, valid_f1: 0.7290
loss: 0.0014, acc: 0.9938, valid_acc: 0.7642, valid_f1: 0.7159
loss: 0.0008, acc: 0.9943, valid_acc: 0.7642, valid_f1: 0.7149
loss: 0.0005, acc: 0.9948, valid_acc: 0.7642, valid_f1: 0.7132
loss: 0.0000, acc: 0.9952, valid_acc: 0.7642, valid_f1: 0.7132
loss: 0.0002, acc: 0.9955, valid_acc: 0.7658, valid_f1: 0.7153
loss: 0.0044, acc: 0.9958, valid_acc: 0.7563, valid_f1: 0.6980
loss: 0.0004, acc: 0.9961, valid_acc: 0.7468, valid_f1: 0.6839
loss: 0.0028, acc: 0.9963, valid_acc: 0.7405, valid_f1: 0.6742
loss: 0.0165, acc: 0.9965, valid_acc: 0.7405, valid_f1: 0.6739
loss: 0.0001, acc: 0.9967, valid_acc: 0.7532, valid_f1: 0.6992
loss: 0.0004, acc: 0.9969, valid_acc: 0.7627, valid_f1: 0.7163
loss: 0.0000, acc: 0.9970, valid_acc: 0.7547, valid_f1: 0.7007
loss: 0.0000, acc: 0.9972, valid_acc: 0.7563, valid_f1: 0.6959
loss: 0.0007, acc: 0.9973, valid_acc: 0.7547, valid_f1: 0.6890
loss: 0.0013, acc: 0.9974, valid_acc: 0.7532, valid_f1: 0.6866
loss: 0.0008, acc: 0.9975, valid_acc: 0.7532, valid_f1: 0.6866
loss: 0.0000, acc: 0.9976, valid_acc: 0.7516, valid_f1: 0.6848
loss: 0.0004, acc: 0.9977, valid_acc: 0.7421, valid_f1: 0.6811
loss: 0.0060, acc: 0.9978, valid_acc: 0.7373, valid_f1: 0.6796
>>>>>>>>>>>>>>>>>>>>>>>>>>>>>>>>>>>>>>>>>>>>>>>>>>>>>>>>>>>>
epoch: 42
loss: 0.0048, acc: 1.0000, valid_acc: 0.7326, valid_f1: 0.6772
loss: 0.0002, acc: 1.0000, valid_acc: 0.7342, valid_f1: 0.6793
loss: 0.0033, acc: 1.0000, valid_acc: 0.7326, valid_f1: 0.6766
loss: 0.0001, acc: 1.0000, valid_acc: 0.7547, valid_f1: 0.7133
loss: 0.0025, acc: 1.0000, valid_acc: 0.7627, valid_f1: 0.7243
loss: 0.0002, acc: 1.0000, valid_acc: 0.7563, valid_f1: 0.7129
loss: 0.0027, acc: 1.0000, valid_acc: 0.7405, valid_f1: 0.6815
loss: 0.0002, acc: 1.0000, valid_acc: 0.7326, valid_f1: 0.6626
loss: 0.0045, acc: 1.0000, valid_acc: 0.7342, valid_f1: 0.6623
loss: 0.0144, acc: 1.0000, valid_acc: 0.7405, valid_f1: 0.6842
loss: 0.0019, acc: 1.0000, valid_acc: 0.7547, valid_f1: 0.7145
loss: 0.2233, acc: 0.9948, valid_acc: 0.7547, valid_f1: 0.7129
loss: 0.0043, acc: 0.9952, valid_acc: 0.7468, valid_f1: 0.6964
loss: 0.0027, acc: 0.9955, valid_acc: 0.7389, valid_f1: 0.6767
loss: 0.0012, acc: 0.9958, valid_acc: 0.7342, valid_f1: 0.6687
loss: 0.0004, acc: 0.9961, valid_acc: 0.7373, valid_f1: 0.6719
loss: 0.0002, acc: 0.9963, valid_acc: 0.7373, valid_f1: 0.6716
loss: 0.0001, acc: 0.9965, valid_acc: 0.7373, valid_f1: 0.6716
loss: 0.0003, acc: 0.9967, valid_acc: 0.7373, valid_f1: 0.6729
loss: 0.0019, acc: 0.9969, valid_acc: 0.7373, valid_f1: 0.6754
loss: 0.0009, acc: 0.9970, valid_acc: 0.7358, valid_f1: 0.6742
loss: 0.0030, acc: 0.9972, valid_acc: 0.7373, valid_f1: 0.6764
loss: 0.0003, acc: 0.9973, valid_acc: 0.7358, valid_f1: 0.6757
loss: 0.0044, acc: 0.9974, valid_acc: 0.7373, valid_f1: 0.6783
loss: 0.0009, acc: 0.9975, valid_acc: 0.7437, valid_f1: 0.6901
loss: 0.0002, acc: 0.9976, valid_acc: 0.7547, valid_f1: 0.7126
loss: 0.0000, acc: 0.9977, valid_acc: 0.7516, valid_f1: 0.7122
loss: 0.0002, acc: 0.9978, valid_acc: 0.7516, valid_f1: 0.7120
loss: 0.0003, acc: 0.9978, valid_acc: 0.7547, valid_f1: 0.7159
>>>>>>>>>>>>>>>>>>>>>>>>>>>>>>>>>>>>>>>>>>>>>>>>>>>>>>>>>>>>
epoch: 43
loss: 0.0012, acc: 1.0000, valid_acc: 0.7563, valid_f1: 0.7179
loss: 0.0003, acc: 1.0000, valid_acc: 0.7563, valid_f1: 0.7179
loss: 0.0047, acc: 1.0000, valid_acc: 0.7532, valid_f1: 0.7140
loss: 0.0014, acc: 1.0000, valid_acc: 0.7532, valid_f1: 0.7140
loss: 0.0000, acc: 1.0000, valid_acc: 0.7500, valid_f1: 0.7100
loss: 0.0006, acc: 1.0000, valid_acc: 0.7547, valid_f1: 0.7164
loss: 0.0010, acc: 1.0000, valid_acc: 0.7563, valid_f1: 0.7185
loss: 0.0000, acc: 1.0000, valid_acc: 0.7563, valid_f1: 0.7185
loss: 0.0005, acc: 1.0000, valid_acc: 0.7547, valid_f1: 0.7162
loss: 0.0011, acc: 1.0000, valid_acc: 0.7516, valid_f1: 0.7091
loss: 0.0001, acc: 1.0000, valid_acc: 0.7484, valid_f1: 0.7021
loss: 0.0000, acc: 1.0000, valid_acc: 0.7468, valid_f1: 0.6969
loss: 0.0014, acc: 1.0000, valid_acc: 0.7437, valid_f1: 0.6908
loss: 0.1327, acc: 0.9955, valid_acc: 0.7453, valid_f1: 0.6969
loss: 0.2259, acc: 0.9917, valid_acc: 0.7563, valid_f1: 0.7125
loss: 0.0025, acc: 0.9922, valid_acc: 0.7484, valid_f1: 0.6761
loss: 0.2039, acc: 0.9890, valid_acc: 0.7468, valid_f1: 0.6761
loss: 0.0044, acc: 0.9896, valid_acc: 0.7563, valid_f1: 0.7142
loss: 0.0417, acc: 0.9901, valid_acc: 0.7611, valid_f1: 0.7250
loss: 0.0001, acc: 0.9906, valid_acc: 0.7674, valid_f1: 0.7328
loss: 0.2857, acc: 0.9881, valid_acc: 0.7310, valid_f1: 0.6776
loss: 0.0025, acc: 0.9886, valid_acc: 0.7247, valid_f1: 0.6270
loss: 0.4358, acc: 0.9837, valid_acc: 0.7294, valid_f1: 0.6327
loss: 0.3072, acc: 0.9818, valid_acc: 0.7278, valid_f1: 0.6433
loss: 0.0601, acc: 0.9800, valid_acc: 0.7358, valid_f1: 0.6519
loss: 0.0004, acc: 0.9808, valid_acc: 0.7437, valid_f1: 0.6880
loss: 0.0034, acc: 0.9815, valid_acc: 0.7437, valid_f1: 0.7009
loss: 0.0034, acc: 0.9821, valid_acc: 0.7468, valid_f1: 0.7102
>>>>>>>>>>>>>>>>>>>>>>>>>>>>>>>>>>>>>>>>>>>>>>>>>>>>>>>>>>>>
epoch: 44
loss: 0.0013, acc: 1.0000, valid_acc: 0.7484, valid_f1: 0.7152
loss: 0.0033, acc: 1.0000, valid_acc: 0.7547, valid_f1: 0.7224
loss: 0.0045, acc: 1.0000, valid_acc: 0.7547, valid_f1: 0.7161
loss: 0.0002, acc: 1.0000, valid_acc: 0.7674, valid_f1: 0.7202
loss: 0.0144, acc: 1.0000, valid_acc: 0.7627, valid_f1: 0.7078
loss: 0.0011, acc: 1.0000, valid_acc: 0.7595, valid_f1: 0.7005
loss: 0.0002, acc: 1.0000, valid_acc: 0.7690, valid_f1: 0.7155
loss: 0.0007, acc: 1.0000, valid_acc: 0.7547, valid_f1: 0.7069
loss: 0.0003, acc: 1.0000, valid_acc: 0.7563, valid_f1: 0.7121
loss: 0.2207, acc: 0.9938, valid_acc: 0.7484, valid_f1: 0.6891
loss: 0.0111, acc: 0.9943, valid_acc: 0.7373, valid_f1: 0.6568
loss: 0.0047, acc: 0.9948, valid_acc: 0.7263, valid_f1: 0.6362
loss: 0.0002, acc: 0.9952, valid_acc: 0.7579, valid_f1: 0.6882
loss: 0.0014, acc: 0.9955, valid_acc: 0.7547, valid_f1: 0.6919
loss: 0.0735, acc: 0.9917, valid_acc: 0.7611, valid_f1: 0.7121
loss: 0.0065, acc: 0.9922, valid_acc: 0.7627, valid_f1: 0.7159
loss: 0.0010, acc: 0.9926, valid_acc: 0.7563, valid_f1: 0.7114
loss: 0.0005, acc: 0.9931, valid_acc: 0.7563, valid_f1: 0.7114
loss: 0.0499, acc: 0.9901, valid_acc: 0.7611, valid_f1: 0.7166
loss: 0.0005, acc: 0.9906, valid_acc: 0.7563, valid_f1: 0.6963
loss: 0.0057, acc: 0.9911, valid_acc: 0.7437, valid_f1: 0.6715
loss: 0.0004, acc: 0.9915, valid_acc: 0.7405, valid_f1: 0.6587
loss: 0.0007, acc: 0.9918, valid_acc: 0.7579, valid_f1: 0.6990
loss: 0.1168, acc: 0.9896, valid_acc: 0.7674, valid_f1: 0.7229
loss: 0.0011, acc: 0.9900, valid_acc: 0.7737, valid_f1: 0.7371
loss: 0.0418, acc: 0.9904, valid_acc: 0.7658, valid_f1: 0.7285
loss: 0.0016, acc: 0.9907, valid_acc: 0.7706, valid_f1: 0.7335
loss: 0.0016, acc: 0.9911, valid_acc: 0.7627, valid_f1: 0.7170
loss: 0.0006, acc: 0.9914, valid_acc: 0.7405, valid_f1: 0.6819
>>>>>>>>>>>>>>>>>>>>>>>>>>>>>>>>>>>>>>>>>>>>>>>>>>>>>>>>>>>>
epoch: 45
loss: 0.0504, acc: 0.9375, valid_acc: 0.7437, valid_f1: 0.6842
loss: 0.0029, acc: 0.9688, valid_acc: 0.7421, valid_f1: 0.6842
loss: 0.0019, acc: 0.9792, valid_acc: 0.7453, valid_f1: 0.6893
loss: 0.0006, acc: 0.9844, valid_acc: 0.7547, valid_f1: 0.7061
loss: 0.0039, acc: 0.9875, valid_acc: 0.7642, valid_f1: 0.7322
loss: 0.0033, acc: 0.9896, valid_acc: 0.7595, valid_f1: 0.7342
loss: 0.0126, acc: 0.9911, valid_acc: 0.7547, valid_f1: 0.7311
loss: 0.0324, acc: 0.9922, valid_acc: 0.7611, valid_f1: 0.7359
loss: 0.0083, acc: 0.9931, valid_acc: 0.7453, valid_f1: 0.7091
loss: 0.0043, acc: 0.9938, valid_acc: 0.7405, valid_f1: 0.6969
loss: 0.0833, acc: 0.9886, valid_acc: 0.7563, valid_f1: 0.7086
loss: 0.0062, acc: 0.9896, valid_acc: 0.7658, valid_f1: 0.7241
loss: 0.0010, acc: 0.9904, valid_acc: 0.7785, valid_f1: 0.7440
loss: 0.0045, acc: 0.9911, valid_acc: 0.7880, valid_f1: 0.7502
loss: 0.0042, acc: 0.9917, valid_acc: 0.7611, valid_f1: 0.7107
loss: 0.0011, acc: 0.9922, valid_acc: 0.7453, valid_f1: 0.6814
loss: 0.0007, acc: 0.9926, valid_acc: 0.7405, valid_f1: 0.6690
loss: 0.0032, acc: 0.9931, valid_acc: 0.7468, valid_f1: 0.6940
loss: 0.0017, acc: 0.9934, valid_acc: 0.7453, valid_f1: 0.6993
loss: 0.0027, acc: 0.9938, valid_acc: 0.7516, valid_f1: 0.7124
loss: 0.0551, acc: 0.9911, valid_acc: 0.7627, valid_f1: 0.7243
loss: 0.0325, acc: 0.9915, valid_acc: 0.7611, valid_f1: 0.7195
loss: 0.1233, acc: 0.9891, valid_acc: 0.7579, valid_f1: 0.7119
loss: 0.0013, acc: 0.9896, valid_acc: 0.7547, valid_f1: 0.7022
loss: 0.0694, acc: 0.9875, valid_acc: 0.7468, valid_f1: 0.6885
loss: 0.0110, acc: 0.9880, valid_acc: 0.7674, valid_f1: 0.7236
loss: 0.0375, acc: 0.9884, valid_acc: 0.7658, valid_f1: 0.7285
loss: 0.0117, acc: 0.9888, valid_acc: 0.7674, valid_f1: 0.7333
loss: 0.0545, acc: 0.9891, valid_acc: 0.7706, valid_f1: 0.7332
Reach the max patience, stopping...
max_valid_acc: 0.8148734177215190, max_valid_f1: 0.7844696506468300
>> saved: results/mcgatbert/mcgatbert_laptop_acc_0.8149_f1_0.7845
############################################################
Precision, Recall and F1-Score on Test Dateset
              precision    recall  f1-score   support

           0     0.9243    0.8694    0.8960       337
           1     0.6821    0.8047    0.7384       128
           2     0.7256    0.7126    0.7190       167

    accuracy                         0.8149       632
   macro avg     0.7773    0.7956    0.7845       632
weighted avg     0.8227    0.8149    0.8173       632

Confusion Matrix...
[[293  16  28]
 [  8 103  17]
 [ 16  32 119]]
